{"C:\\Users\\Diego\\Desktop\\prog\\ManagementData\\backend\\src\\app.module.ts": {"path":"C:\\Users\\Diego\\Desktop\\prog\\ManagementData\\backend\\src\\app.module.ts","statementMap":{"0":{"start":{"line":1,"column":0},"end":{"line":1,"column":40}},"1":{"start":{"line":2,"column":0},"end":{"line":2,"column":52}},"2":{"start":{"line":3,"column":0},"end":{"line":3,"column":46}},"3":{"start":{"line":4,"column":0},"end":{"line":4,"column":60}},"4":{"start":{"line":5,"column":0},"end":{"line":5,"column":55}},"5":{"start":{"line":18,"column":7},"end":{"line":18,"column":null}},"6":{"start":{"line":18,"column":13},"end":{"line":18,"column":22}},"7":{"start":{"line":18,"column":13},"end":{"line":18,"column":null}}},"fnMap":{},"branchMap":{},"s":{"0":1,"1":1,"2":1,"3":1,"4":1,"5":1,"6":1,"7":1},"f":{},"b":{}}
,"C:\\Users\\Diego\\Desktop\\prog\\ManagementData\\backend\\src\\main.ts": {"path":"C:\\Users\\Diego\\Desktop\\prog\\ManagementData\\backend\\src\\main.ts","statementMap":{"0":{"start":{"line":1,"column":0},"end":{"line":1,"column":43}},"1":{"start":{"line":2,"column":0},"end":{"line":2,"column":41}},"2":{"start":{"line":3,"column":0},"end":{"line":3,"column":48}},"3":{"start":{"line":6,"column":14},"end":{"line":6,"column":65}},"4":{"start":{"line":8,"column":2},"end":{"line":13,"column":4}},"5":{"start":{"line":15,"column":2},"end":{"line":15,"column":25}},"6":{"start":{"line":17,"column":0},"end":{"line":17,"column":12}}},"fnMap":{"0":{"name":"bootstrap","decl":{"start":{"line":5,"column":15},"end":{"line":5,"column":24}},"loc":{"start":{"line":5,"column":24},"end":{"line":16,"column":1}}}},"branchMap":{},"s":{"0":0,"1":0,"2":0,"3":0,"4":0,"5":0,"6":0},"f":{"0":0},"b":{}}
,"C:\\Users\\Diego\\Desktop\\prog\\ManagementData\\backend\\src\\app\\flow\\flow.module.ts": {"path":"C:\\Users\\Diego\\Desktop\\prog\\ManagementData\\backend\\src\\app\\flow\\flow.module.ts","statementMap":{"0":{"start":{"line":1,"column":0},"end":{"line":1,"column":40}},"1":{"start":{"line":2,"column":0},"end":{"line":2,"column":65}},"2":{"start":{"line":3,"column":0},"end":{"line":3,"column":61}},"3":{"start":{"line":4,"column":0},"end":{"line":4,"column":85}},"4":{"start":{"line":5,"column":0},"end":{"line":5,"column":64}},"5":{"start":{"line":21,"column":7},"end":{"line":21,"column":null}},"6":{"start":{"line":21,"column":13},"end":{"line":21,"column":23}},"7":{"start":{"line":21,"column":13},"end":{"line":21,"column":null}}},"fnMap":{},"branchMap":{},"s":{"0":3,"1":3,"2":3,"3":3,"4":3,"5":3,"6":3,"7":3},"f":{},"b":{}}
,"C:\\Users\\Diego\\Desktop\\prog\\ManagementData\\backend\\src\\app\\flow\\application\\service\\flow.service.ts": {"path":"C:\\Users\\Diego\\Desktop\\prog\\ManagementData\\backend\\src\\app\\flow\\application\\service\\flow.service.ts","statementMap":{"0":{"start":{"line":1,"column":0},"end":{"line":1,"column":52}},"1":{"start":{"line":7,"column":7},"end":{"line":34,"column":null}},"2":{"start":{"line":10,"column":21},"end":{"line":10,"column":52}},"3":{"start":{"line":14,"column":4},"end":{"line":14,"column":59}},"4":{"start":{"line":18,"column":24},"end":{"line":18,"column":33}},"5":{"start":{"line":19,"column":25},"end":{"line":19,"column":36}},"6":{"start":{"line":20,"column":4},"end":{"line":20,"column":82}},"7":{"start":{"line":24,"column":4},"end":{"line":24,"column":49}},"8":{"start":{"line":28,"column":4},"end":{"line":28,"column":63}},"9":{"start":{"line":32,"column":4},"end":{"line":32,"column":48}},"10":{"start":{"line":7,"column":13},"end":{"line":7,"column":24}},"11":{"start":{"line":7,"column":13},"end":{"line":34,"column":null}}},"fnMap":{"0":{"name":"(anonymous_4)","decl":{"start":{"line":8,"column":2},"end":{"line":8,"column":null}},"loc":{"start":{"line":10,"column":52},"end":{"line":11,"column":7}}},"1":{"name":"(anonymous_5)","decl":{"start":{"line":13,"column":2},"end":{"line":13,"column":7}},"loc":{"start":{"line":13,"column":43},"end":{"line":15,"column":3}}},"2":{"name":"(anonymous_6)","decl":{"start":{"line":17,"column":2},"end":{"line":17,"column":7}},"loc":{"start":{"line":17,"column":62},"end":{"line":21,"column":3}}},"3":{"name":"(anonymous_7)","decl":{"start":{"line":23,"column":2},"end":{"line":23,"column":7}},"loc":{"start":{"line":23,"column":26},"end":{"line":25,"column":3}}},"4":{"name":"(anonymous_8)","decl":{"start":{"line":27,"column":2},"end":{"line":27,"column":7}},"loc":{"start":{"line":27,"column":55},"end":{"line":29,"column":3}}},"5":{"name":"(anonymous_9)","decl":{"start":{"line":31,"column":2},"end":{"line":31,"column":7}},"loc":{"start":{"line":31,"column":25},"end":{"line":33,"column":3}}}},"branchMap":{"0":{"loc":{"start":{"line":18,"column":24},"end":{"line":18,"column":33}},"type":"binary-expr","locations":[{"start":{"line":18,"column":24},"end":{"line":18,"column":28}},{"start":{"line":18,"column":32},"end":{"line":18,"column":33}}]},"1":{"loc":{"start":{"line":19,"column":25},"end":{"line":19,"column":36}},"type":"binary-expr","locations":[{"start":{"line":19,"column":25},"end":{"line":19,"column":30}},{"start":{"line":19,"column":34},"end":{"line":19,"column":36}}]}},"s":{"0":5,"1":5,"2":14,"3":1,"4":1,"5":1,"6":1,"7":1,"8":1,"9":1,"10":5,"11":5},"f":{"0":14,"1":1,"2":1,"3":1,"4":1,"5":1},"b":{"0":[1,0],"1":[1,0]}}
,"C:\\Users\\Diego\\Desktop\\prog\\ManagementData\\backend\\src\\app\\flow\\infrastructure\\typeorm\\entities\\flow-typeorm.entity.ts": {"path":"C:\\Users\\Diego\\Desktop\\prog\\ManagementData\\backend\\src\\app\\flow\\infrastructure\\typeorm\\entities\\flow-typeorm.entity.ts","statementMap":{"0":{"start":{"line":3,"column":0},"end":{"line":3,"column":null}},"1":{"start":{"line":15,"column":7},"end":{"line":36,"column":null}},"2":{"start":{"line":15,"column":13},"end":{"line":15,"column":26}},"3":{"start":{"line":17,"column":11},"end":{"line":17,"column":null}},"4":{"start":{"line":20,"column":11},"end":{"line":20,"column":null}},"5":{"start":{"line":23,"column":11},"end":{"line":23,"column":null}},"6":{"start":{"line":26,"column":11},"end":{"line":26,"column":null}},"7":{"start":{"line":29,"column":11},"end":{"line":29,"column":null}},"8":{"start":{"line":32,"column":11},"end":{"line":32,"column":null}},"9":{"start":{"line":15,"column":13},"end":{"line":36,"column":null}}},"fnMap":{},"branchMap":{},"s":{"0":7,"1":7,"2":7,"3":7,"4":7,"5":7,"6":7,"7":7,"8":7,"9":7},"f":{},"b":{}}
,"C:\\Users\\Diego\\Desktop\\prog\\ManagementData\\backend\\src\\app\\flow\\infrastructure\\typeorm\\repository\\flow.repository.ts": {"path":"C:\\Users\\Diego\\Desktop\\prog\\ManagementData\\backend\\src\\app\\flow\\infrastructure\\typeorm\\repository\\flow.repository.ts","statementMap":{"0":{"start":{"line":1,"column":0},"end":{"line":1,"column":44}},"1":{"start":{"line":2,"column":0},"end":{"line":2,"column":37}},"2":{"start":{"line":3,"column":0},"end":{"line":3,"column":51}},"3":{"start":{"line":4,"column":0},"end":{"line":4,"column":64}},"4":{"start":{"line":9,"column":0},"end":{"line":9,"column":92}},"5":{"start":{"line":12,"column":7},"end":{"line":54,"column":null}},"6":{"start":{"line":15,"column":21},"end":{"line":15,"column":33}},"7":{"start":{"line":19,"column":17},"end":{"line":19,"column":45}},"8":{"start":{"line":20,"column":4},"end":{"line":20,"column":38}},"9":{"start":{"line":24,"column":15},"end":{"line":24,"column":57}},"10":{"start":{"line":26,"column":4},"end":{"line":28,"column":5}},"11":{"start":{"line":27,"column":6},"end":{"line":27,"column":78}},"12":{"start":{"line":29,"column":4},"end":{"line":29,"column":39}},"13":{"start":{"line":31,"column":26},"end":{"line":31,"column":89}},"14":{"start":{"line":33,"column":4},"end":{"line":39,"column":7}},"15":{"start":{"line":43,"column":4},"end":{"line":43,"column":54}},"16":{"start":{"line":47,"column":4},"end":{"line":47,"column":43}},"17":{"start":{"line":48,"column":4},"end":{"line":48,"column":28}},"18":{"start":{"line":52,"column":4},"end":{"line":52,"column":37}},"19":{"start":{"line":12,"column":13},"end":{"line":12,"column":27}},"20":{"start":{"line":12,"column":13},"end":{"line":54,"column":null}}},"fnMap":{"0":{"name":"(anonymous_4)","decl":{"start":{"line":13,"column":2},"end":{"line":13,"column":null}},"loc":{"start":{"line":15,"column":58},"end":{"line":16,"column":7}}},"1":{"name":"(anonymous_5)","decl":{"start":{"line":18,"column":2},"end":{"line":18,"column":7}},"loc":{"start":{"line":18,"column":34},"end":{"line":21,"column":3}}},"2":{"name":"(anonymous_6)","decl":{"start":{"line":23,"column":2},"end":{"line":23,"column":7}},"loc":{"start":{"line":23,"column":62},"end":{"line":40,"column":3}}},"3":{"name":"(anonymous_7)","decl":{"start":{"line":42,"column":2},"end":{"line":42,"column":7}},"loc":{"start":{"line":42,"column":26},"end":{"line":44,"column":3}}},"4":{"name":"(anonymous_8)","decl":{"start":{"line":46,"column":2},"end":{"line":46,"column":7}},"loc":{"start":{"line":46,"column":46},"end":{"line":49,"column":3}}},"5":{"name":"(anonymous_9)","decl":{"start":{"line":51,"column":2},"end":{"line":51,"column":7}},"loc":{"start":{"line":51,"column":25},"end":{"line":53,"column":3}}}},"branchMap":{"0":{"loc":{"start":{"line":26,"column":4},"end":{"line":28,"column":5}},"type":"if","locations":[{"start":{"line":26,"column":4},"end":{"line":28,"column":5}}]}},"s":{"0":4,"1":4,"2":4,"3":4,"4":4,"5":4,"6":14,"7":1,"8":1,"9":1,"10":1,"11":0,"12":1,"13":1,"14":1,"15":2,"16":1,"17":1,"18":1,"19":4,"20":4},"f":{"0":14,"1":1,"2":1,"3":2,"4":1,"5":1},"b":{"0":[0]}}
,"C:\\Users\\Diego\\Desktop\\prog\\ManagementData\\backend\\src\\app\\flow\\presenter\\flow.controller.ts": {"path":"C:\\Users\\Diego\\Desktop\\prog\\ManagementData\\backend\\src\\app\\flow\\presenter\\flow.controller.ts","statementMap":{"0":{"start":{"line":1,"column":0},"end":{"line":1,"column":90}},"1":{"start":{"line":2,"column":0},"end":{"line":2,"column":66}},"2":{"start":{"line":3,"column":0},"end":{"line":3,"column":54}},"3":{"start":{"line":4,"column":0},"end":{"line":4,"column":54}},"4":{"start":{"line":7,"column":7},"end":{"line":34,"column":null}},"5":{"start":{"line":8,"column":31},"end":{"line":8,"column":44}},"6":{"start":{"line":12,"column":4},"end":{"line":12,"column":50}},"7":{"start":{"line":17,"column":4},"end":{"line":17,"column":65}},"8":{"start":{"line":22,"column":4},"end":{"line":22,"column":41}},"9":{"start":{"line":27,"column":4},"end":{"line":27,"column":55}},"10":{"start":{"line":32,"column":4},"end":{"line":32,"column":40}},"11":{"start":{"line":7,"column":13},"end":{"line":7,"column":27}},"12":{"start":{"line":11,"column":8},"end":{"line":13,"column":null}},"13":{"start":{"line":16,"column":8},"end":{"line":18,"column":null}},"14":{"start":{"line":21,"column":8},"end":{"line":23,"column":null}},"15":{"start":{"line":26,"column":8},"end":{"line":28,"column":null}},"16":{"start":{"line":31,"column":8},"end":{"line":33,"column":null}},"17":{"start":{"line":7,"column":13},"end":{"line":34,"column":null}}},"fnMap":{"0":{"name":"(anonymous_4)","decl":{"start":{"line":8,"column":2},"end":{"line":8,"column":31}},"loc":{"start":{"line":8,"column":55},"end":{"line":8,"column":60}}},"1":{"name":"(anonymous_5)","decl":{"start":{"line":11,"column":2},"end":{"line":11,"column":7}},"loc":{"start":{"line":11,"column":51},"end":{"line":13,"column":3}}},"2":{"name":"(anonymous_6)","decl":{"start":{"line":16,"column":2},"end":{"line":16,"column":7}},"loc":{"start":{"line":16,"column":112},"end":{"line":18,"column":3}}},"3":{"name":"(anonymous_7)","decl":{"start":{"line":21,"column":2},"end":{"line":21,"column":7}},"loc":{"start":{"line":21,"column":39},"end":{"line":23,"column":3}}},"4":{"name":"(anonymous_8)","decl":{"start":{"line":26,"column":2},"end":{"line":26,"column":7}},"loc":{"start":{"line":26,"column":76},"end":{"line":28,"column":3}}},"5":{"name":"(anonymous_9)","decl":{"start":{"line":31,"column":2},"end":{"line":31,"column":7}},"loc":{"start":{"line":31,"column":38},"end":{"line":33,"column":3}}}},"branchMap":{},"s":{"0":4,"1":4,"2":4,"3":4,"4":4,"5":14,"6":1,"7":1,"8":1,"9":1,"10":1,"11":4,"12":4,"13":4,"14":4,"15":4,"16":4,"17":4},"f":{"0":14,"1":1,"2":1,"3":1,"4":1,"5":1},"b":{}}
,"C:\\Users\\Diego\\Desktop\\prog\\ManagementData\\backend\\src\\app\\flow\\presenter\\dto\\create-flow.dto.ts": {"path":"C:\\Users\\Diego\\Desktop\\prog\\ManagementData\\backend\\src\\app\\flow\\presenter\\dto\\create-flow.dto.ts","statementMap":{"0":{"start":{"line":1,"column":0},"end":{"line":1,"column":67}},"1":{"start":{"line":3,"column":0},"end":{"line":3,"column":13}},"2":{"start":{"line":7,"column":4},"end":{"line":7,"column":null}},"3":{"start":{"line":11,"column":4},"end":{"line":11,"column":null}}},"fnMap":{},"branchMap":{},"s":{"0":6,"1":6,"2":6,"3":6},"f":{},"b":{}}
,"C:\\Users\\Diego\\Desktop\\prog\\ManagementData\\backend\\src\\app\\flow\\presenter\\dto\\update-flow.dto.ts": {"path":"C:\\Users\\Diego\\Desktop\\prog\\ManagementData\\backend\\src\\app\\flow\\presenter\\dto\\update-flow.dto.ts","statementMap":{"0":{"start":{"line":1,"column":0},"end":{"line":1,"column":51}},"1":{"start":{"line":2,"column":0},"end":{"line":2,"column":50}},"2":{"start":{"line":4,"column":0},"end":{"line":4,"column":13}}},"fnMap":{},"branchMap":{},"s":{"0":5,"1":5,"2":5},"f":{},"b":{}}
,"C:\\Users\\Diego\\Desktop\\prog\\ManagementData\\backend\\src\\app\\steps\\steps.module.ts": {"path":"C:\\Users\\Diego\\Desktop\\prog\\ManagementData\\backend\\src\\app\\steps\\steps.module.ts","statementMap":{"0":{"start":{"line":1,"column":0},"end":{"line":1,"column":40}},"1":{"start":{"line":2,"column":0},"end":{"line":2,"column":65}},"2":{"start":{"line":3,"column":0},"end":{"line":3,"column":61}},"3":{"start":{"line":4,"column":0},"end":{"line":4,"column":85}},"4":{"start":{"line":5,"column":0},"end":{"line":5,"column":62}},"5":{"start":{"line":21,"column":7},"end":{"line":21,"column":null}},"6":{"start":{"line":21,"column":13},"end":{"line":21,"column":24}},"7":{"start":{"line":21,"column":13},"end":{"line":21,"column":null}}},"fnMap":{},"branchMap":{},"s":{"0":3,"1":3,"2":3,"3":3,"4":3,"5":3,"6":3,"7":3},"f":{},"b":{}}
,"C:\\Users\\Diego\\Desktop\\prog\\ManagementData\\backend\\src\\app\\steps\\application\\service\\step.service.ts": {"path":"C:\\Users\\Diego\\Desktop\\prog\\ManagementData\\backend\\src\\app\\steps\\application\\service\\step.service.ts","statementMap":{"0":{"start":{"line":1,"column":0},"end":{"line":1,"column":52}},"1":{"start":{"line":7,"column":7},"end":{"line":34,"column":null}},"2":{"start":{"line":10,"column":21},"end":{"line":10,"column":52}},"3":{"start":{"line":14,"column":4},"end":{"line":14,"column":59}},"4":{"start":{"line":18,"column":24},"end":{"line":18,"column":33}},"5":{"start":{"line":19,"column":25},"end":{"line":19,"column":36}},"6":{"start":{"line":20,"column":4},"end":{"line":20,"column":82}},"7":{"start":{"line":24,"column":4},"end":{"line":24,"column":49}},"8":{"start":{"line":28,"column":4},"end":{"line":28,"column":63}},"9":{"start":{"line":32,"column":4},"end":{"line":32,"column":48}},"10":{"start":{"line":7,"column":13},"end":{"line":7,"column":24}},"11":{"start":{"line":7,"column":13},"end":{"line":34,"column":null}}},"fnMap":{"0":{"name":"(anonymous_4)","decl":{"start":{"line":8,"column":2},"end":{"line":8,"column":null}},"loc":{"start":{"line":10,"column":52},"end":{"line":11,"column":7}}},"1":{"name":"(anonymous_5)","decl":{"start":{"line":13,"column":2},"end":{"line":13,"column":7}},"loc":{"start":{"line":13,"column":43},"end":{"line":15,"column":3}}},"2":{"name":"(anonymous_6)","decl":{"start":{"line":17,"column":2},"end":{"line":17,"column":7}},"loc":{"start":{"line":17,"column":62},"end":{"line":21,"column":3}}},"3":{"name":"(anonymous_7)","decl":{"start":{"line":23,"column":2},"end":{"line":23,"column":7}},"loc":{"start":{"line":23,"column":26},"end":{"line":25,"column":3}}},"4":{"name":"(anonymous_8)","decl":{"start":{"line":27,"column":2},"end":{"line":27,"column":7}},"loc":{"start":{"line":27,"column":55},"end":{"line":29,"column":3}}},"5":{"name":"(anonymous_9)","decl":{"start":{"line":31,"column":2},"end":{"line":31,"column":7}},"loc":{"start":{"line":31,"column":25},"end":{"line":33,"column":3}}}},"branchMap":{"0":{"loc":{"start":{"line":18,"column":24},"end":{"line":18,"column":33}},"type":"binary-expr","locations":[{"start":{"line":18,"column":24},"end":{"line":18,"column":28}},{"start":{"line":18,"column":32},"end":{"line":18,"column":33}}]},"1":{"loc":{"start":{"line":19,"column":25},"end":{"line":19,"column":36}},"type":"binary-expr","locations":[{"start":{"line":19,"column":25},"end":{"line":19,"column":30}},{"start":{"line":19,"column":34},"end":{"line":19,"column":36}}]}},"s":{"0":5,"1":5,"2":9,"3":1,"4":1,"5":1,"6":1,"7":1,"8":1,"9":1,"10":5,"11":5},"f":{"0":9,"1":1,"2":1,"3":1,"4":1,"5":1},"b":{"0":[1,0],"1":[1,0]}}
,"C:\\Users\\Diego\\Desktop\\prog\\ManagementData\\backend\\src\\app\\steps\\infrastructure\\typeorm\\entities\\step-typeorm.entity.ts": {"path":"C:\\Users\\Diego\\Desktop\\prog\\ManagementData\\backend\\src\\app\\steps\\infrastructure\\typeorm\\entities\\step-typeorm.entity.ts","statementMap":{"0":{"start":{"line":2,"column":0},"end":{"line":2,"column":null}},"1":{"start":{"line":13,"column":7},"end":{"line":40,"column":null}},"2":{"start":{"line":13,"column":13},"end":{"line":13,"column":26}},"3":{"start":{"line":15,"column":11},"end":{"line":15,"column":null}},"4":{"start":{"line":18,"column":11},"end":{"line":18,"column":null}},"5":{"start":{"line":21,"column":11},"end":{"line":21,"column":null}},"6":{"start":{"line":24,"column":11},"end":{"line":24,"column":null}},"7":{"start":{"line":27,"column":11},"end":{"line":27,"column":null}},"8":{"start":{"line":30,"column":11},"end":{"line":30,"column":null}},"9":{"start":{"line":33,"column":11},"end":{"line":33,"column":null}},"10":{"start":{"line":36,"column":11},"end":{"line":36,"column":null}},"11":{"start":{"line":39,"column":11},"end":{"line":39,"column":null}},"12":{"start":{"line":13,"column":13},"end":{"line":40,"column":null}}},"fnMap":{},"branchMap":{},"s":{"0":7,"1":7,"2":7,"3":7,"4":7,"5":7,"6":7,"7":7,"8":7,"9":7,"10":7,"11":7,"12":7},"f":{},"b":{}}
,"C:\\Users\\Diego\\Desktop\\prog\\ManagementData\\backend\\src\\app\\steps\\infrastructure\\typeorm\\repository\\step.repository.ts": {"path":"C:\\Users\\Diego\\Desktop\\prog\\ManagementData\\backend\\src\\app\\steps\\infrastructure\\typeorm\\repository\\step.repository.ts","statementMap":{"0":{"start":{"line":1,"column":0},"end":{"line":1,"column":44}},"1":{"start":{"line":2,"column":0},"end":{"line":2,"column":37}},"2":{"start":{"line":3,"column":0},"end":{"line":3,"column":51}},"3":{"start":{"line":4,"column":0},"end":{"line":4,"column":64}},"4":{"start":{"line":9,"column":0},"end":{"line":9,"column":81}},"5":{"start":{"line":12,"column":7},"end":{"line":54,"column":null}},"6":{"start":{"line":15,"column":21},"end":{"line":15,"column":33}},"7":{"start":{"line":19,"column":17},"end":{"line":19,"column":45}},"8":{"start":{"line":20,"column":4},"end":{"line":20,"column":38}},"9":{"start":{"line":24,"column":15},"end":{"line":24,"column":58}},"10":{"start":{"line":26,"column":4},"end":{"line":28,"column":5}},"11":{"start":{"line":27,"column":6},"end":{"line":27,"column":79}},"12":{"start":{"line":29,"column":4},"end":{"line":29,"column":40}},"13":{"start":{"line":31,"column":26},"end":{"line":31,"column":89}},"14":{"start":{"line":33,"column":4},"end":{"line":39,"column":7}},"15":{"start":{"line":43,"column":4},"end":{"line":43,"column":54}},"16":{"start":{"line":47,"column":4},"end":{"line":47,"column":43}},"17":{"start":{"line":48,"column":4},"end":{"line":48,"column":28}},"18":{"start":{"line":52,"column":4},"end":{"line":52,"column":37}},"19":{"start":{"line":12,"column":13},"end":{"line":12,"column":27}},"20":{"start":{"line":12,"column":13},"end":{"line":54,"column":null}}},"fnMap":{"0":{"name":"(anonymous_4)","decl":{"start":{"line":13,"column":2},"end":{"line":13,"column":null}},"loc":{"start":{"line":15,"column":58},"end":{"line":16,"column":7}}},"1":{"name":"(anonymous_5)","decl":{"start":{"line":18,"column":2},"end":{"line":18,"column":7}},"loc":{"start":{"line":18,"column":34},"end":{"line":21,"column":3}}},"2":{"name":"(anonymous_6)","decl":{"start":{"line":23,"column":2},"end":{"line":23,"column":7}},"loc":{"start":{"line":23,"column":62},"end":{"line":40,"column":3}}},"3":{"name":"(anonymous_7)","decl":{"start":{"line":42,"column":2},"end":{"line":42,"column":7}},"loc":{"start":{"line":42,"column":26},"end":{"line":44,"column":3}}},"4":{"name":"(anonymous_8)","decl":{"start":{"line":46,"column":2},"end":{"line":46,"column":7}},"loc":{"start":{"line":46,"column":46},"end":{"line":49,"column":3}}},"5":{"name":"(anonymous_9)","decl":{"start":{"line":51,"column":2},"end":{"line":51,"column":7}},"loc":{"start":{"line":51,"column":25},"end":{"line":53,"column":3}}}},"branchMap":{"0":{"loc":{"start":{"line":26,"column":4},"end":{"line":28,"column":5}},"type":"if","locations":[{"start":{"line":26,"column":4},"end":{"line":28,"column":5}}]}},"s":{"0":4,"1":4,"2":4,"3":4,"4":4,"5":4,"6":9,"7":1,"8":1,"9":1,"10":1,"11":0,"12":1,"13":1,"14":1,"15":2,"16":1,"17":1,"18":1,"19":4,"20":4},"f":{"0":9,"1":1,"2":1,"3":2,"4":1,"5":1},"b":{"0":[0]}}
,"C:\\Users\\Diego\\Desktop\\prog\\ManagementData\\backend\\src\\app\\steps\\presenter\\step.controller.ts": {"path":"C:\\Users\\Diego\\Desktop\\prog\\ManagementData\\backend\\src\\app\\steps\\presenter\\step.controller.ts","statementMap":{"0":{"start":{"line":1,"column":0},"end":{"line":1,"column":90}},"1":{"start":{"line":2,"column":0},"end":{"line":2,"column":66}},"2":{"start":{"line":3,"column":0},"end":{"line":3,"column":54}},"3":{"start":{"line":4,"column":0},"end":{"line":4,"column":54}},"4":{"start":{"line":7,"column":7},"end":{"line":35,"column":null}},"5":{"start":{"line":8,"column":31},"end":{"line":8,"column":44}},"6":{"start":{"line":12,"column":4},"end":{"line":12,"column":50}},"7":{"start":{"line":18,"column":4},"end":{"line":18,"column":59}},"8":{"start":{"line":23,"column":4},"end":{"line":23,"column":41}},"9":{"start":{"line":28,"column":4},"end":{"line":28,"column":55}},"10":{"start":{"line":33,"column":4},"end":{"line":33,"column":40}},"11":{"start":{"line":7,"column":13},"end":{"line":7,"column":27}},"12":{"start":{"line":11,"column":8},"end":{"line":13,"column":null}},"13":{"start":{"line":16,"column":8},"end":{"line":19,"column":null}},"14":{"start":{"line":22,"column":8},"end":{"line":24,"column":null}},"15":{"start":{"line":27,"column":8},"end":{"line":29,"column":null}},"16":{"start":{"line":32,"column":8},"end":{"line":34,"column":null}},"17":{"start":{"line":7,"column":13},"end":{"line":35,"column":null}}},"fnMap":{"0":{"name":"(anonymous_4)","decl":{"start":{"line":8,"column":2},"end":{"line":8,"column":31}},"loc":{"start":{"line":8,"column":55},"end":{"line":8,"column":60}}},"1":{"name":"(anonymous_5)","decl":{"start":{"line":11,"column":2},"end":{"line":11,"column":7}},"loc":{"start":{"line":11,"column":51},"end":{"line":13,"column":3}}},"2":{"name":"(anonymous_6)","decl":{"start":{"line":16,"column":2},"end":{"line":16,"column":7}},"loc":{"start":{"line":17,"column":100},"end":{"line":19,"column":3}}},"3":{"name":"(anonymous_7)","decl":{"start":{"line":22,"column":2},"end":{"line":22,"column":7}},"loc":{"start":{"line":22,"column":39},"end":{"line":24,"column":3}}},"4":{"name":"(anonymous_8)","decl":{"start":{"line":27,"column":2},"end":{"line":27,"column":7}},"loc":{"start":{"line":27,"column":76},"end":{"line":29,"column":3}}},"5":{"name":"(anonymous_9)","decl":{"start":{"line":32,"column":2},"end":{"line":32,"column":7}},"loc":{"start":{"line":32,"column":38},"end":{"line":34,"column":3}}}},"branchMap":{},"s":{"0":4,"1":4,"2":4,"3":4,"4":4,"5":9,"6":1,"7":1,"8":1,"9":1,"10":1,"11":4,"12":4,"13":4,"14":4,"15":4,"16":4,"17":4},"f":{"0":9,"1":1,"2":1,"3":1,"4":1,"5":1},"b":{}}
,"C:\\Users\\Diego\\Desktop\\prog\\ManagementData\\backend\\src\\app\\steps\\presenter\\dto\\create-step.dto.ts": {"path":"C:\\Users\\Diego\\Desktop\\prog\\ManagementData\\backend\\src\\app\\steps\\presenter\\dto\\create-step.dto.ts","statementMap":{"0":{"start":{"line":1,"column":0},"end":{"line":1,"column":67}},"1":{"start":{"line":3,"column":0},"end":{"line":3,"column":13}},"2":{"start":{"line":6,"column":4},"end":{"line":6,"column":null}},"3":{"start":{"line":10,"column":4},"end":{"line":10,"column":null}},"4":{"start":{"line":14,"column":4},"end":{"line":14,"column":null}},"5":{"start":{"line":18,"column":4},"end":{"line":18,"column":null}},"6":{"start":{"line":22,"column":4},"end":{"line":22,"column":null}}},"fnMap":{},"branchMap":{},"s":{"0":6,"1":6,"2":6,"3":6,"4":6,"5":6,"6":6},"f":{},"b":{}}
,"C:\\Users\\Diego\\Desktop\\prog\\ManagementData\\backend\\src\\app\\steps\\presenter\\dto\\update-step.dto.ts": {"path":"C:\\Users\\Diego\\Desktop\\prog\\ManagementData\\backend\\src\\app\\steps\\presenter\\dto\\update-step.dto.ts","statementMap":{"0":{"start":{"line":1,"column":0},"end":{"line":1,"column":51}},"1":{"start":{"line":2,"column":0},"end":{"line":2,"column":50}},"2":{"start":{"line":4,"column":0},"end":{"line":4,"column":13}}},"fnMap":{},"branchMap":{},"s":{"0":5,"1":5,"2":5},"f":{},"b":{}}
,"C:\\Users\\Diego\\Desktop\\prog\\ManagementData\\backend\\src\\database\\database.module.ts": {"path":"C:\\Users\\Diego\\Desktop\\prog\\ManagementData\\backend\\src\\database\\database.module.ts","statementMap":{"0":{"start":{"line":1,"column":0},"end":{"line":1,"column":40}},"1":{"start":{"line":2,"column":0},"end":{"line":2,"column":48}},"2":{"start":{"line":3,"column":0},"end":{"line":3,"column":96}},"3":{"start":{"line":4,"column":0},"end":{"line":4,"column":64}},"4":{"start":{"line":5,"column":0},"end":{"line":5,"column":97}},"5":{"start":{"line":7,"column":17},"end":{"line":7,"column":47}},"6":{"start":{"line":8,"column":14},"end":{"line":8,"column":83}},"7":{"start":{"line":19,"column":7},"end":{"line":19,"column":null}},"8":{"start":{"line":19,"column":13},"end":{"line":19,"column":27}},"9":{"start":{"line":19,"column":13},"end":{"line":19,"column":null}},"10":{"start":{"line":12,"column":30},"end":{"line":12,"column":61}}},"fnMap":{"0":{"name":"(anonymous_1)","decl":{"start":{"line":12,"column":18},"end":{"line":12,"column":23}},"loc":{"start":{"line":12,"column":30},"end":{"line":12,"column":61}}}},"branchMap":{"0":{"loc":{"start":{"line":8,"column":14},"end":{"line":8,"column":83}},"type":"binary-expr","locations":[{"start":{"line":8,"column":14},"end":{"line":8,"column":70}},{"start":{"line":8,"column":74},"end":{"line":8,"column":83}}]}},"s":{"0":5,"1":5,"2":5,"3":5,"4":5,"5":5,"6":5,"7":5,"8":5,"9":5,"10":10},"f":{"0":10},"b":{"0":[5,0]}}
,"C:\\Users\\Diego\\Desktop\\prog\\ManagementData\\backend\\src\\shared\\config\\typeorm.config.ts": {"path":"C:\\Users\\Diego\\Desktop\\prog\\ManagementData\\backend\\src\\shared\\config\\typeorm.config.ts","statementMap":{"0":{"start":{"line":1,"column":0},"end":{"line":1,"column":64}},"1":{"start":{"line":3,"column":0},"end":{"line":3,"column":31}},"2":{"start":{"line":5,"column":0},"end":{"line":5,"column":98}},"3":{"start":{"line":6,"column":0},"end":{"line":6,"column":98}},"4":{"start":{"line":10,"column":43},"end":{"line":10,"column":72}},"5":{"start":{"line":82,"column":45},"end":{"line":86,"column":6}},"6":{"start":{"line":88,"column":19},"end":{"line":88,"column":35}},"7":{"start":{"line":90,"column":4},"end":{"line":90,"column":44}},"8":{"start":{"line":91,"column":4},"end":{"line":91,"column":18}},"9":{"start":{"line":12,"column":0},"end":{"line":12,"column":13}},"10":{"start":{"line":14,"column":17},"end":{"line":14,"column":33}},"11":{"start":{"line":15,"column":4},"end":{"line":22,"column":6}},"12":{"start":{"line":25,"column":17},"end":{"line":25,"column":36}},"13":{"start":{"line":26,"column":46},"end":{"line":49,"column":6}},"14":{"start":{"line":51,"column":4},"end":{"line":51,"column":26}},"15":{"start":{"line":54,"column":17},"end":{"line":54,"column":38}},"16":{"start":{"line":55,"column":26},"end":{"line":55,"column":56}},"17":{"start":{"line":56,"column":19},"end":{"line":56,"column":51}},"18":{"start":{"line":58,"column":4},"end":{"line":58,"column":56}},"19":{"start":{"line":59,"column":4},"end":{"line":59,"column":56}},"20":{"start":{"line":61,"column":4},"end":{"line":75,"column":7}},"21":{"start":{"line":77,"column":4},"end":{"line":77,"column":37}},"22":{"start":{"line":78,"column":4},"end":{"line":78,"column":25}}},"fnMap":{"0":{"name":"(anonymous_0)","decl":{"start":{"line":81,"column":9},"end":{"line":81,"column":15}},"loc":{"start":{"line":81,"column":66},"end":{"line":92,"column":3}}},"1":{"name":"(anonymous_1)","decl":{"start":{"line":14,"column":33},"end":{"line":14,"column":55}},"loc":{"start":{"line":14,"column":57},"end":{"line":23,"column":null}}},"2":{"name":"(anonymous_2)","decl":{"start":{"line":25,"column":36},"end":{"line":25,"column":58}},"loc":{"start":{"line":25,"column":60},"end":{"line":52,"column":null}}},"3":{"name":"(anonymous_3)","decl":{"start":{"line":54,"column":38},"end":{"line":54,"column":41}},"loc":{"start":{"line":54,"column":43},"end":{"line":79,"column":null}}}},"branchMap":{"0":{"loc":{"start":{"line":33,"column":23},"end":{"line":33,"column":54}},"type":"binary-expr","locations":[{"start":{"line":33,"column":23},"end":{"line":33,"column":46}},{"start":{"line":33,"column":50},"end":{"line":33,"column":54}}]},"1":{"loc":{"start":{"line":41,"column":25},"end":{"line":41,"column":56}},"type":"binary-expr","locations":[{"start":{"line":41,"column":25},"end":{"line":41,"column":48}},{"start":{"line":41,"column":52},"end":{"line":41,"column":56}}]}},"s":{"0":6,"1":6,"2":6,"3":6,"4":6,"5":13,"6":13,"7":13,"8":13,"9":6,"10":6,"11":11,"12":6,"13":2,"14":2,"15":6,"16":1,"17":1,"18":1,"19":1,"20":1,"21":1,"22":1},"f":{"0":13,"1":11,"2":2,"3":1},"b":{"0":[2,0],"1":[2,0]}}
,"C:\\Users\\Diego\\Desktop\\prog\\ManagementData\\backend\\src\\shared\\pagination\\pagination.presenter.ts": {"path":"C:\\Users\\Diego\\Desktop\\prog\\ManagementData\\backend\\src\\shared\\pagination\\pagination.presenter.ts","statementMap":{"0":{"start":{"line":1,"column":0},"end":{"line":1,"column":46}},"1":{"start":{"line":23,"column":4},"end":{"line":23,"column":43}},"2":{"start":{"line":24,"column":4},"end":{"line":24,"column":35}},"3":{"start":{"line":25,"column":4},"end":{"line":25,"column":37}},"4":{"start":{"line":26,"column":4},"end":{"line":26,"column":29}},"5":{"start":{"line":27,"column":4},"end":{"line":27,"column":27}},"6":{"start":{"line":11,"column":0},"end":{"line":11,"column":13}},"7":{"start":{"line":13,"column":2},"end":{"line":13,"column":null}},"8":{"start":{"line":12,"column":28},"end":{"line":12,"column":43}},"9":{"start":{"line":15,"column":2},"end":{"line":15,"column":null}},"10":{"start":{"line":14,"column":28},"end":{"line":14,"column":43}},"11":{"start":{"line":17,"column":2},"end":{"line":17,"column":null}},"12":{"start":{"line":16,"column":28},"end":{"line":16,"column":43}},"13":{"start":{"line":19,"column":2},"end":{"line":19,"column":null}},"14":{"start":{"line":18,"column":28},"end":{"line":18,"column":43}}},"fnMap":{"0":{"name":"(anonymous_2)","decl":{"start":{"line":22,"column":2},"end":{"line":22,"column":14}},"loc":{"start":{"line":22,"column":45},"end":{"line":28,"column":3}}},"1":{"name":"(anonymous_3)","decl":{"start":{"line":12,"column":13},"end":{"line":12,"column":14}},"loc":{"start":{"line":12,"column":28},"end":{"line":12,"column":43}}},"2":{"name":"(anonymous_4)","decl":{"start":{"line":14,"column":13},"end":{"line":14,"column":14}},"loc":{"start":{"line":14,"column":28},"end":{"line":14,"column":43}}},"3":{"name":"(anonymous_5)","decl":{"start":{"line":16,"column":13},"end":{"line":16,"column":14}},"loc":{"start":{"line":16,"column":28},"end":{"line":16,"column":43}}},"4":{"name":"(anonymous_6)","decl":{"start":{"line":18,"column":13},"end":{"line":18,"column":14}},"loc":{"start":{"line":18,"column":28},"end":{"line":18,"column":43}}}},"branchMap":{},"s":{"0":9,"1":8,"2":8,"3":8,"4":8,"5":8,"6":9,"7":9,"8":0,"9":9,"10":0,"11":9,"12":0,"13":9,"14":0},"f":{"0":8,"1":0,"2":0,"3":0,"4":0},"b":{}}
}
