{"C:\\Users\\Diego\\Desktop\\prog\\ManagementData\\backend\\src\\app.module.ts": {"path":"C:\\Users\\Diego\\Desktop\\prog\\ManagementData\\backend\\src\\app.module.ts","statementMap":{"0":{"start":{"line":1,"column":0},"end":{"line":1,"column":40}},"1":{"start":{"line":2,"column":0},"end":{"line":2,"column":52}},"2":{"start":{"line":3,"column":0},"end":{"line":3,"column":46}},"3":{"start":{"line":4,"column":0},"end":{"line":4,"column":60}},"4":{"start":{"line":5,"column":0},"end":{"line":5,"column":55}},"5":{"start":{"line":18,"column":7},"end":{"line":18,"column":null}},"6":{"start":{"line":18,"column":13},"end":{"line":18,"column":22}},"7":{"start":{"line":18,"column":13},"end":{"line":18,"column":null}}},"fnMap":{},"branchMap":{},"s":{"0":0,"1":0,"2":0,"3":0,"4":0,"5":0,"6":0,"7":0},"f":{},"b":{}}
,"C:\\Users\\Diego\\Desktop\\prog\\ManagementData\\backend\\src\\main.ts": {"path":"C:\\Users\\Diego\\Desktop\\prog\\ManagementData\\backend\\src\\main.ts","statementMap":{"0":{"start":{"line":1,"column":0},"end":{"line":1,"column":43}},"1":{"start":{"line":2,"column":0},"end":{"line":2,"column":41}},"2":{"start":{"line":3,"column":0},"end":{"line":3,"column":48}},"3":{"start":{"line":6,"column":14},"end":{"line":6,"column":65}},"4":{"start":{"line":8,"column":2},"end":{"line":13,"column":4}},"5":{"start":{"line":15,"column":2},"end":{"line":15,"column":25}},"6":{"start":{"line":17,"column":0},"end":{"line":17,"column":12}}},"fnMap":{"0":{"name":"bootstrap","decl":{"start":{"line":5,"column":15},"end":{"line":5,"column":24}},"loc":{"start":{"line":5,"column":24},"end":{"line":16,"column":1}}}},"branchMap":{},"s":{"0":0,"1":0,"2":0,"3":0,"4":0,"5":0,"6":0},"f":{"0":0},"b":{}}
,"C:\\Users\\Diego\\Desktop\\prog\\ManagementData\\backend\\src\\app\\flow\\flow.module.ts": {"path":"C:\\Users\\Diego\\Desktop\\prog\\ManagementData\\backend\\src\\app\\flow\\flow.module.ts","statementMap":{"0":{"start":{"line":1,"column":0},"end":{"line":1,"column":40}},"1":{"start":{"line":2,"column":0},"end":{"line":2,"column":65}},"2":{"start":{"line":3,"column":0},"end":{"line":3,"column":61}},"3":{"start":{"line":4,"column":0},"end":{"line":4,"column":85}},"4":{"start":{"line":5,"column":0},"end":{"line":5,"column":62}},"5":{"start":{"line":21,"column":7},"end":{"line":21,"column":null}},"6":{"start":{"line":21,"column":13},"end":{"line":21,"column":23}},"7":{"start":{"line":21,"column":13},"end":{"line":21,"column":null}}},"fnMap":{},"branchMap":{},"s":{"0":0,"1":0,"2":0,"3":0,"4":0,"5":0,"6":0,"7":0},"f":{},"b":{}}
,"C:\\Users\\Diego\\Desktop\\prog\\ManagementData\\backend\\src\\app\\flow\\application\\entities\\flow.entity.ts": {"path":"C:\\Users\\Diego\\Desktop\\prog\\ManagementData\\backend\\src\\app\\flow\\application\\entities\\flow.entity.ts","statementMap":{"0":{"start":{"line":13,"column":8},"end":{"line":13,"column":36}},"1":{"start":{"line":3,"column":0},"end":{"line":3,"column":13}}},"fnMap":{"0":{"name":"(anonymous_0)","decl":{"start":{"line":12,"column":4},"end":{"line":12,"column":16}},"loc":{"start":{"line":12,"column":28},"end":{"line":14,"column":5}}}},"branchMap":{},"s":{"0":0,"1":0},"f":{"0":0},"b":{}}
,"C:\\Users\\Diego\\Desktop\\prog\\ManagementData\\backend\\src\\app\\flow\\application\\service\\flow.service.ts": {"path":"C:\\Users\\Diego\\Desktop\\prog\\ManagementData\\backend\\src\\app\\flow\\application\\service\\flow.service.ts","statementMap":{"0":{"start":{"line":1,"column":0},"end":{"line":1,"column":52}},"1":{"start":{"line":7,"column":7},"end":{"line":32,"column":null}},"2":{"start":{"line":10,"column":21},"end":{"line":10,"column":52}},"3":{"start":{"line":14,"column":4},"end":{"line":14,"column":59}},"4":{"start":{"line":18,"column":4},"end":{"line":18,"column":68}},"5":{"start":{"line":22,"column":4},"end":{"line":22,"column":49}},"6":{"start":{"line":26,"column":4},"end":{"line":26,"column":63}},"7":{"start":{"line":30,"column":4},"end":{"line":30,"column":48}},"8":{"start":{"line":7,"column":13},"end":{"line":7,"column":24}},"9":{"start":{"line":7,"column":13},"end":{"line":32,"column":null}}},"fnMap":{"0":{"name":"(anonymous_4)","decl":{"start":{"line":8,"column":2},"end":{"line":8,"column":null}},"loc":{"start":{"line":10,"column":52},"end":{"line":11,"column":7}}},"1":{"name":"(anonymous_5)","decl":{"start":{"line":13,"column":2},"end":{"line":13,"column":7}},"loc":{"start":{"line":13,"column":43},"end":{"line":15,"column":3}}},"2":{"name":"(anonymous_6)","decl":{"start":{"line":17,"column":2},"end":{"line":17,"column":7}},"loc":{"start":{"line":17,"column":62},"end":{"line":19,"column":3}}},"3":{"name":"(anonymous_7)","decl":{"start":{"line":21,"column":2},"end":{"line":21,"column":7}},"loc":{"start":{"line":21,"column":26},"end":{"line":23,"column":3}}},"4":{"name":"(anonymous_8)","decl":{"start":{"line":25,"column":2},"end":{"line":25,"column":7}},"loc":{"start":{"line":25,"column":55},"end":{"line":27,"column":3}}},"5":{"name":"(anonymous_9)","decl":{"start":{"line":29,"column":2},"end":{"line":29,"column":7}},"loc":{"start":{"line":29,"column":25},"end":{"line":31,"column":3}}}},"branchMap":{},"s":{"0":2,"1":2,"2":6,"3":1,"4":1,"5":1,"6":1,"7":1,"8":2,"9":2},"f":{"0":6,"1":1,"2":1,"3":1,"4":1,"5":1},"b":{}}
,"C:\\Users\\Diego\\Desktop\\prog\\ManagementData\\backend\\src\\app\\flow\\infrastructure\\typeorm\\entities\\flow-typeorm.entity.ts": {"path":"C:\\Users\\Diego\\Desktop\\prog\\ManagementData\\backend\\src\\app\\flow\\infrastructure\\typeorm\\entities\\flow-typeorm.entity.ts","statementMap":{"0":{"start":{"line":3,"column":0},"end":{"line":3,"column":null}},"1":{"start":{"line":15,"column":7},"end":{"line":36,"column":null}},"2":{"start":{"line":15,"column":13},"end":{"line":15,"column":26}},"3":{"start":{"line":17,"column":11},"end":{"line":17,"column":null}},"4":{"start":{"line":20,"column":11},"end":{"line":20,"column":null}},"5":{"start":{"line":23,"column":11},"end":{"line":23,"column":null}},"6":{"start":{"line":26,"column":11},"end":{"line":26,"column":null}},"7":{"start":{"line":29,"column":11},"end":{"line":29,"column":null}},"8":{"start":{"line":32,"column":11},"end":{"line":32,"column":null}},"9":{"start":{"line":15,"column":13},"end":{"line":36,"column":null}}},"fnMap":{},"branchMap":{},"s":{"0":3,"1":3,"2":3,"3":3,"4":3,"5":3,"6":3,"7":3,"8":3,"9":3},"f":{},"b":{}}
,"C:\\Users\\Diego\\Desktop\\prog\\ManagementData\\backend\\src\\app\\flow\\infrastructure\\typeorm\\repository\\flow.repository.ts": {"path":"C:\\Users\\Diego\\Desktop\\prog\\ManagementData\\backend\\src\\app\\flow\\infrastructure\\typeorm\\repository\\flow.repository.ts","statementMap":{"0":{"start":{"line":1,"column":0},"end":{"line":1,"column":44}},"1":{"start":{"line":2,"column":0},"end":{"line":2,"column":37}},"2":{"start":{"line":3,"column":0},"end":{"line":3,"column":51}},"3":{"start":{"line":4,"column":0},"end":{"line":4,"column":64}},"4":{"start":{"line":9,"column":0},"end":{"line":9,"column":81}},"5":{"start":{"line":12,"column":7},"end":{"line":56,"column":null}},"6":{"start":{"line":15,"column":21},"end":{"line":15,"column":33}},"7":{"start":{"line":19,"column":17},"end":{"line":19,"column":45}},"8":{"start":{"line":20,"column":4},"end":{"line":20,"column":38}},"9":{"start":{"line":24,"column":18},"end":{"line":27,"column":19}},"10":{"start":{"line":29,"column":4},"end":{"line":31,"column":5}},"11":{"start":{"line":30,"column":6},"end":{"line":30,"column":81}},"12":{"start":{"line":32,"column":18},"end":{"line":32,"column":48}},"13":{"start":{"line":33,"column":17},"end":{"line":33,"column":38}},"14":{"start":{"line":34,"column":4},"end":{"line":34,"column":48}},"15":{"start":{"line":35,"column":4},"end":{"line":41,"column":7}},"16":{"start":{"line":45,"column":4},"end":{"line":45,"column":54}},"17":{"start":{"line":49,"column":4},"end":{"line":49,"column":43}},"18":{"start":{"line":50,"column":4},"end":{"line":50,"column":28}},"19":{"start":{"line":54,"column":4},"end":{"line":54,"column":37}},"20":{"start":{"line":12,"column":13},"end":{"line":12,"column":27}},"21":{"start":{"line":12,"column":13},"end":{"line":56,"column":null}}},"fnMap":{"0":{"name":"(anonymous_4)","decl":{"start":{"line":13,"column":2},"end":{"line":13,"column":null}},"loc":{"start":{"line":15,"column":58},"end":{"line":16,"column":7}}},"1":{"name":"(anonymous_5)","decl":{"start":{"line":18,"column":2},"end":{"line":18,"column":7}},"loc":{"start":{"line":18,"column":34},"end":{"line":21,"column":3}}},"2":{"name":"(anonymous_6)","decl":{"start":{"line":23,"column":2},"end":{"line":23,"column":7}},"loc":{"start":{"line":23,"column":62},"end":{"line":42,"column":3}}},"3":{"name":"(anonymous_7)","decl":{"start":{"line":44,"column":2},"end":{"line":44,"column":7}},"loc":{"start":{"line":44,"column":26},"end":{"line":46,"column":3}}},"4":{"name":"(anonymous_8)","decl":{"start":{"line":48,"column":2},"end":{"line":48,"column":7}},"loc":{"start":{"line":48,"column":46},"end":{"line":51,"column":3}}},"5":{"name":"(anonymous_9)","decl":{"start":{"line":53,"column":2},"end":{"line":53,"column":7}},"loc":{"start":{"line":53,"column":25},"end":{"line":55,"column":3}}}},"branchMap":{"0":{"loc":{"start":{"line":29,"column":4},"end":{"line":31,"column":5}},"type":"if","locations":[{"start":{"line":29,"column":4},"end":{"line":31,"column":5}}]}},"s":{"0":0,"1":0,"2":0,"3":0,"4":0,"5":0,"6":0,"7":0,"8":0,"9":0,"10":0,"11":0,"12":0,"13":0,"14":0,"15":0,"16":0,"17":0,"18":0,"19":0,"20":0,"21":0},"f":{"0":0,"1":0,"2":0,"3":0,"4":0,"5":0},"b":{"0":[0]}}
,"C:\\Users\\Diego\\Desktop\\prog\\ManagementData\\backend\\src\\app\\flow\\presenter\\flow.controller.ts": {"path":"C:\\Users\\Diego\\Desktop\\prog\\ManagementData\\backend\\src\\app\\flow\\presenter\\flow.controller.ts","statementMap":{"0":{"start":{"line":1,"column":0},"end":{"line":1,"column":90}},"1":{"start":{"line":2,"column":0},"end":{"line":2,"column":66}},"2":{"start":{"line":3,"column":0},"end":{"line":3,"column":54}},"3":{"start":{"line":4,"column":0},"end":{"line":4,"column":54}},"4":{"start":{"line":7,"column":7},"end":{"line":34,"column":null}},"5":{"start":{"line":8,"column":31},"end":{"line":8,"column":44}},"6":{"start":{"line":12,"column":4},"end":{"line":12,"column":50}},"7":{"start":{"line":17,"column":4},"end":{"line":17,"column":65}},"8":{"start":{"line":22,"column":4},"end":{"line":22,"column":41}},"9":{"start":{"line":27,"column":4},"end":{"line":27,"column":55}},"10":{"start":{"line":32,"column":4},"end":{"line":32,"column":40}},"11":{"start":{"line":7,"column":13},"end":{"line":7,"column":27}},"12":{"start":{"line":11,"column":8},"end":{"line":13,"column":null}},"13":{"start":{"line":16,"column":8},"end":{"line":18,"column":null}},"14":{"start":{"line":21,"column":8},"end":{"line":23,"column":null}},"15":{"start":{"line":26,"column":8},"end":{"line":28,"column":null}},"16":{"start":{"line":31,"column":8},"end":{"line":33,"column":null}},"17":{"start":{"line":7,"column":13},"end":{"line":34,"column":null}}},"fnMap":{"0":{"name":"(anonymous_4)","decl":{"start":{"line":8,"column":2},"end":{"line":8,"column":31}},"loc":{"start":{"line":8,"column":55},"end":{"line":8,"column":60}}},"1":{"name":"(anonymous_5)","decl":{"start":{"line":11,"column":2},"end":{"line":11,"column":7}},"loc":{"start":{"line":11,"column":51},"end":{"line":13,"column":3}}},"2":{"name":"(anonymous_6)","decl":{"start":{"line":16,"column":2},"end":{"line":16,"column":7}},"loc":{"start":{"line":16,"column":109},"end":{"line":18,"column":3}}},"3":{"name":"(anonymous_7)","decl":{"start":{"line":21,"column":2},"end":{"line":21,"column":7}},"loc":{"start":{"line":21,"column":39},"end":{"line":23,"column":3}}},"4":{"name":"(anonymous_8)","decl":{"start":{"line":26,"column":2},"end":{"line":26,"column":7}},"loc":{"start":{"line":26,"column":76},"end":{"line":28,"column":3}}},"5":{"name":"(anonymous_9)","decl":{"start":{"line":31,"column":2},"end":{"line":31,"column":7}},"loc":{"start":{"line":31,"column":38},"end":{"line":33,"column":3}}}},"branchMap":{},"s":{"0":1,"1":1,"2":1,"3":1,"4":1,"5":6,"6":1,"7":1,"8":1,"9":1,"10":1,"11":1,"12":1,"13":1,"14":1,"15":1,"16":1,"17":1},"f":{"0":6,"1":1,"2":1,"3":1,"4":1,"5":1},"b":{}}
,"C:\\Users\\Diego\\Desktop\\prog\\ManagementData\\backend\\src\\app\\flow\\presenter\\dto\\create-flow.dto.ts": {"path":"C:\\Users\\Diego\\Desktop\\prog\\ManagementData\\backend\\src\\app\\flow\\presenter\\dto\\create-flow.dto.ts","statementMap":{"0":{"start":{"line":1,"column":0},"end":{"line":1,"column":13}}},"fnMap":{},"branchMap":{},"s":{"0":1},"f":{},"b":{}}
,"C:\\Users\\Diego\\Desktop\\prog\\ManagementData\\backend\\src\\app\\flow\\presenter\\dto\\update-flow.dto.ts": {"path":"C:\\Users\\Diego\\Desktop\\prog\\ManagementData\\backend\\src\\app\\flow\\presenter\\dto\\update-flow.dto.ts","statementMap":{"0":{"start":{"line":1,"column":0},"end":{"line":1,"column":51}},"1":{"start":{"line":2,"column":0},"end":{"line":2,"column":50}},"2":{"start":{"line":4,"column":0},"end":{"line":4,"column":13}}},"fnMap":{},"branchMap":{},"s":{"0":1,"1":1,"2":1},"f":{},"b":{}}
,"C:\\Users\\Diego\\Desktop\\prog\\ManagementData\\backend\\src\\app\\steps\\steps.module.ts": {"path":"C:\\Users\\Diego\\Desktop\\prog\\ManagementData\\backend\\src\\app\\steps\\steps.module.ts","statementMap":{"0":{"start":{"line":1,"column":0},"end":{"line":1,"column":40}},"1":{"start":{"line":2,"column":0},"end":{"line":2,"column":65}},"2":{"start":{"line":3,"column":0},"end":{"line":3,"column":61}},"3":{"start":{"line":4,"column":0},"end":{"line":4,"column":85}},"4":{"start":{"line":5,"column":0},"end":{"line":5,"column":62}},"5":{"start":{"line":21,"column":7},"end":{"line":21,"column":null}},"6":{"start":{"line":21,"column":13},"end":{"line":21,"column":24}},"7":{"start":{"line":21,"column":13},"end":{"line":21,"column":null}}},"fnMap":{},"branchMap":{},"s":{"0":0,"1":0,"2":0,"3":0,"4":0,"5":0,"6":0,"7":0},"f":{},"b":{}}
,"C:\\Users\\Diego\\Desktop\\prog\\ManagementData\\backend\\src\\app\\steps\\application\\entities\\steps.entity.ts": {"path":"C:\\Users\\Diego\\Desktop\\prog\\ManagementData\\backend\\src\\app\\steps\\application\\entities\\steps.entity.ts","statementMap":{"0":{"start":{"line":13,"column":8},"end":{"line":13,"column":36}},"1":{"start":{"line":1,"column":0},"end":{"line":1,"column":13}}},"fnMap":{"0":{"name":"(anonymous_0)","decl":{"start":{"line":12,"column":4},"end":{"line":12,"column":16}},"loc":{"start":{"line":12,"column":28},"end":{"line":14,"column":5}}}},"branchMap":{},"s":{"0":0,"1":0},"f":{"0":0},"b":{}}
,"C:\\Users\\Diego\\Desktop\\prog\\ManagementData\\backend\\src\\app\\steps\\application\\service\\step.service.ts": {"path":"C:\\Users\\Diego\\Desktop\\prog\\ManagementData\\backend\\src\\app\\steps\\application\\service\\step.service.ts","statementMap":{"0":{"start":{"line":1,"column":0},"end":{"line":1,"column":52}},"1":{"start":{"line":7,"column":7},"end":{"line":32,"column":null}},"2":{"start":{"line":10,"column":21},"end":{"line":10,"column":52}},"3":{"start":{"line":14,"column":4},"end":{"line":14,"column":59}},"4":{"start":{"line":18,"column":4},"end":{"line":18,"column":68}},"5":{"start":{"line":22,"column":4},"end":{"line":22,"column":49}},"6":{"start":{"line":26,"column":4},"end":{"line":26,"column":63}},"7":{"start":{"line":30,"column":4},"end":{"line":30,"column":48}},"8":{"start":{"line":7,"column":13},"end":{"line":7,"column":24}},"9":{"start":{"line":7,"column":13},"end":{"line":32,"column":null}}},"fnMap":{"0":{"name":"(anonymous_4)","decl":{"start":{"line":8,"column":2},"end":{"line":8,"column":null}},"loc":{"start":{"line":10,"column":52},"end":{"line":11,"column":6}}},"1":{"name":"(anonymous_5)","decl":{"start":{"line":13,"column":2},"end":{"line":13,"column":7}},"loc":{"start":{"line":13,"column":43},"end":{"line":15,"column":3}}},"2":{"name":"(anonymous_6)","decl":{"start":{"line":17,"column":2},"end":{"line":17,"column":7}},"loc":{"start":{"line":17,"column":62},"end":{"line":19,"column":3}}},"3":{"name":"(anonymous_7)","decl":{"start":{"line":21,"column":2},"end":{"line":21,"column":7}},"loc":{"start":{"line":21,"column":26},"end":{"line":23,"column":3}}},"4":{"name":"(anonymous_8)","decl":{"start":{"line":25,"column":2},"end":{"line":25,"column":7}},"loc":{"start":{"line":25,"column":55},"end":{"line":27,"column":3}}},"5":{"name":"(anonymous_9)","decl":{"start":{"line":29,"column":2},"end":{"line":29,"column":7}},"loc":{"start":{"line":29,"column":25},"end":{"line":31,"column":3}}}},"branchMap":{},"s":{"0":2,"1":2,"2":0,"3":0,"4":0,"5":0,"6":0,"7":0,"8":2,"9":2},"f":{"0":0,"1":0,"2":0,"3":0,"4":0,"5":0},"b":{}}
,"C:\\Users\\Diego\\Desktop\\prog\\ManagementData\\backend\\src\\app\\steps\\infrastructure\\typeorm\\entities\\step-typeorm.entity.ts": {"path":"C:\\Users\\Diego\\Desktop\\prog\\ManagementData\\backend\\src\\app\\steps\\infrastructure\\typeorm\\entities\\step-typeorm.entity.ts","statementMap":{"0":{"start":{"line":2,"column":0},"end":{"line":2,"column":null}},"1":{"start":{"line":13,"column":7},"end":{"line":40,"column":null}},"2":{"start":{"line":13,"column":13},"end":{"line":13,"column":26}},"3":{"start":{"line":15,"column":11},"end":{"line":15,"column":null}},"4":{"start":{"line":18,"column":11},"end":{"line":18,"column":null}},"5":{"start":{"line":21,"column":11},"end":{"line":21,"column":null}},"6":{"start":{"line":24,"column":11},"end":{"line":24,"column":null}},"7":{"start":{"line":27,"column":11},"end":{"line":27,"column":null}},"8":{"start":{"line":30,"column":11},"end":{"line":30,"column":null}},"9":{"start":{"line":33,"column":11},"end":{"line":33,"column":null}},"10":{"start":{"line":36,"column":11},"end":{"line":36,"column":null}},"11":{"start":{"line":39,"column":11},"end":{"line":39,"column":null}},"12":{"start":{"line":13,"column":13},"end":{"line":40,"column":null}}},"fnMap":{},"branchMap":{},"s":{"0":0,"1":0,"2":0,"3":0,"4":0,"5":0,"6":0,"7":0,"8":0,"9":0,"10":0,"11":0,"12":0},"f":{},"b":{}}
,"C:\\Users\\Diego\\Desktop\\prog\\ManagementData\\backend\\src\\app\\steps\\infrastructure\\typeorm\\repository\\step.repository.ts": {"path":"C:\\Users\\Diego\\Desktop\\prog\\ManagementData\\backend\\src\\app\\steps\\infrastructure\\typeorm\\repository\\step.repository.ts","statementMap":{"0":{"start":{"line":1,"column":0},"end":{"line":1,"column":44}},"1":{"start":{"line":2,"column":0},"end":{"line":2,"column":37}},"2":{"start":{"line":3,"column":0},"end":{"line":3,"column":51}},"3":{"start":{"line":4,"column":0},"end":{"line":4,"column":64}},"4":{"start":{"line":11,"column":7},"end":{"line":38,"column":null}},"5":{"start":{"line":14,"column":21},"end":{"line":14,"column":33}},"6":{"start":{"line":18,"column":17},"end":{"line":18,"column":45}},"7":{"start":{"line":19,"column":4},"end":{"line":19,"column":38}},"8":{"start":{"line":23,"column":4},"end":{"line":23,"column":34}},"9":{"start":{"line":27,"column":4},"end":{"line":27,"column":54}},"10":{"start":{"line":31,"column":4},"end":{"line":31,"column":43}},"11":{"start":{"line":32,"column":4},"end":{"line":32,"column":28}},"12":{"start":{"line":36,"column":4},"end":{"line":36,"column":37}},"13":{"start":{"line":11,"column":13},"end":{"line":11,"column":27}},"14":{"start":{"line":11,"column":13},"end":{"line":38,"column":null}}},"fnMap":{"0":{"name":"(anonymous_4)","decl":{"start":{"line":12,"column":2},"end":{"line":12,"column":null}},"loc":{"start":{"line":14,"column":58},"end":{"line":15,"column":7}}},"1":{"name":"(anonymous_5)","decl":{"start":{"line":17,"column":2},"end":{"line":17,"column":7}},"loc":{"start":{"line":17,"column":34},"end":{"line":20,"column":3}}},"2":{"name":"(anonymous_6)","decl":{"start":{"line":22,"column":2},"end":{"line":22,"column":7}},"loc":{"start":{"line":22,"column":62},"end":{"line":24,"column":3}}},"3":{"name":"(anonymous_7)","decl":{"start":{"line":26,"column":2},"end":{"line":26,"column":7}},"loc":{"start":{"line":26,"column":26},"end":{"line":28,"column":3}}},"4":{"name":"(anonymous_8)","decl":{"start":{"line":30,"column":2},"end":{"line":30,"column":7}},"loc":{"start":{"line":30,"column":46},"end":{"line":33,"column":3}}},"5":{"name":"(anonymous_9)","decl":{"start":{"line":35,"column":2},"end":{"line":35,"column":7}},"loc":{"start":{"line":35,"column":25},"end":{"line":37,"column":3}}}},"branchMap":{},"s":{"0":0,"1":0,"2":0,"3":0,"4":0,"5":0,"6":0,"7":0,"8":0,"9":0,"10":0,"11":0,"12":0,"13":0,"14":0},"f":{"0":0,"1":0,"2":0,"3":0,"4":0,"5":0},"b":{}}
,"C:\\Users\\Diego\\Desktop\\prog\\ManagementData\\backend\\src\\app\\steps\\presenter\\step.controller.ts": {"path":"C:\\Users\\Diego\\Desktop\\prog\\ManagementData\\backend\\src\\app\\steps\\presenter\\step.controller.ts","statementMap":{"0":{"start":{"line":1,"column":0},"end":{"line":1,"column":90}},"1":{"start":{"line":2,"column":0},"end":{"line":2,"column":66}},"2":{"start":{"line":3,"column":0},"end":{"line":3,"column":54}},"3":{"start":{"line":4,"column":0},"end":{"line":4,"column":54}},"4":{"start":{"line":7,"column":7},"end":{"line":35,"column":null}},"5":{"start":{"line":8,"column":31},"end":{"line":8,"column":44}},"6":{"start":{"line":12,"column":4},"end":{"line":12,"column":50}},"7":{"start":{"line":18,"column":4},"end":{"line":18,"column":59}},"8":{"start":{"line":23,"column":4},"end":{"line":23,"column":41}},"9":{"start":{"line":28,"column":4},"end":{"line":28,"column":55}},"10":{"start":{"line":33,"column":4},"end":{"line":33,"column":40}},"11":{"start":{"line":7,"column":13},"end":{"line":7,"column":27}},"12":{"start":{"line":11,"column":8},"end":{"line":13,"column":null}},"13":{"start":{"line":16,"column":8},"end":{"line":19,"column":null}},"14":{"start":{"line":22,"column":8},"end":{"line":24,"column":null}},"15":{"start":{"line":27,"column":8},"end":{"line":29,"column":null}},"16":{"start":{"line":32,"column":8},"end":{"line":34,"column":null}},"17":{"start":{"line":7,"column":13},"end":{"line":35,"column":null}}},"fnMap":{"0":{"name":"(anonymous_4)","decl":{"start":{"line":8,"column":2},"end":{"line":8,"column":31}},"loc":{"start":{"line":8,"column":55},"end":{"line":8,"column":60}}},"1":{"name":"(anonymous_5)","decl":{"start":{"line":11,"column":2},"end":{"line":11,"column":7}},"loc":{"start":{"line":11,"column":51},"end":{"line":13,"column":3}}},"2":{"name":"(anonymous_6)","decl":{"start":{"line":16,"column":2},"end":{"line":16,"column":7}},"loc":{"start":{"line":17,"column":100},"end":{"line":19,"column":3}}},"3":{"name":"(anonymous_7)","decl":{"start":{"line":22,"column":2},"end":{"line":22,"column":7}},"loc":{"start":{"line":22,"column":39},"end":{"line":24,"column":3}}},"4":{"name":"(anonymous_8)","decl":{"start":{"line":27,"column":2},"end":{"line":27,"column":7}},"loc":{"start":{"line":27,"column":76},"end":{"line":29,"column":3}}},"5":{"name":"(anonymous_9)","decl":{"start":{"line":32,"column":2},"end":{"line":32,"column":7}},"loc":{"start":{"line":32,"column":38},"end":{"line":34,"column":3}}}},"branchMap":{},"s":{"0":1,"1":1,"2":1,"3":1,"4":1,"5":0,"6":0,"7":0,"8":0,"9":0,"10":0,"11":1,"12":1,"13":1,"14":1,"15":1,"16":1,"17":1},"f":{"0":0,"1":0,"2":0,"3":0,"4":0,"5":0},"b":{}}
,"C:\\Users\\Diego\\Desktop\\prog\\ManagementData\\backend\\src\\app\\steps\\presenter\\dto\\create-step.dto.ts": {"path":"C:\\Users\\Diego\\Desktop\\prog\\ManagementData\\backend\\src\\app\\steps\\presenter\\dto\\create-step.dto.ts","statementMap":{"0":{"start":{"line":1,"column":0},"end":{"line":1,"column":13}}},"fnMap":{},"branchMap":{},"s":{"0":1},"f":{},"b":{}}
,"C:\\Users\\Diego\\Desktop\\prog\\ManagementData\\backend\\src\\app\\steps\\presenter\\dto\\update-step.dto.ts": {"path":"C:\\Users\\Diego\\Desktop\\prog\\ManagementData\\backend\\src\\app\\steps\\presenter\\dto\\update-step.dto.ts","statementMap":{"0":{"start":{"line":1,"column":0},"end":{"line":1,"column":51}},"1":{"start":{"line":2,"column":0},"end":{"line":2,"column":50}},"2":{"start":{"line":4,"column":0},"end":{"line":4,"column":13}}},"fnMap":{},"branchMap":{},"s":{"0":1,"1":1,"2":1},"f":{},"b":{}}
,"C:\\Users\\Diego\\Desktop\\prog\\ManagementData\\backend\\src\\database\\database.module.ts": {"path":"C:\\Users\\Diego\\Desktop\\prog\\ManagementData\\backend\\src\\database\\database.module.ts","statementMap":{"0":{"start":{"line":1,"column":0},"end":{"line":1,"column":40}},"1":{"start":{"line":2,"column":0},"end":{"line":2,"column":87}},"2":{"start":{"line":3,"column":0},"end":{"line":3,"column":103}},"3":{"start":{"line":4,"column":0},"end":{"line":4,"column":56}},"4":{"start":{"line":5,"column":0},"end":{"line":5,"column":48}},"5":{"start":{"line":6,"column":0},"end":{"line":6,"column":97}},"6":{"start":{"line":7,"column":0},"end":{"line":7,"column":65}},"7":{"start":{"line":8,"column":0},"end":{"line":8,"column":98}},"8":{"start":{"line":27,"column":7},"end":{"line":27,"column":null}},"9":{"start":{"line":27,"column":13},"end":{"line":27,"column":27}},"10":{"start":{"line":27,"column":13},"end":{"line":27,"column":null}},"11":{"start":{"line":13,"column":30},"end":{"line":13,"column":65}}},"fnMap":{"0":{"name":"(anonymous_1)","decl":{"start":{"line":13,"column":18},"end":{"line":13,"column":23}},"loc":{"start":{"line":13,"column":30},"end":{"line":13,"column":65}}}},"branchMap":{},"s":{"0":0,"1":0,"2":0,"3":0,"4":0,"5":0,"6":0,"7":0,"8":0,"9":0,"10":0,"11":0},"f":{"0":0},"b":{}}
,"C:\\Users\\Diego\\Desktop\\prog\\ManagementData\\backend\\src\\database\\database.providers.ts": {"path":"C:\\Users\\Diego\\Desktop\\prog\\ManagementData\\backend\\src\\database\\database.providers.ts","statementMap":{"0":{"start":{"line":2,"column":0},"end":{"line":2,"column":80}},"1":{"start":{"line":4,"column":13},"end":{"line":9,"column":2}},"2":{"start":{"line":7,"column":4},"end":{"line":7,"column":44}}},"fnMap":{"0":{"name":"(anonymous_0)","decl":{"start":{"line":6,"column":14},"end":{"line":6,"column":19}},"loc":{"start":{"line":6,"column":25},"end":{"line":8,"column":3}}}},"branchMap":{},"s":{"0":0,"1":0,"2":0},"f":{"0":0},"b":{}}
,"C:\\Users\\Diego\\Desktop\\prog\\ManagementData\\backend\\src\\database\\typeorm\\application\\service\\transaction.service.ts": {"path":"C:\\Users\\Diego\\Desktop\\prog\\ManagementData\\backend\\src\\database\\typeorm\\application\\service\\transaction.service.ts","statementMap":{"0":{"start":{"line":1,"column":0},"end":{"line":1,"column":52}},"1":{"start":{"line":6,"column":7},"end":{"line":25,"column":null}},"2":{"start":{"line":9,"column":24},"end":{"line":9,"column":61}},"3":{"start":{"line":15,"column":8},"end":{"line":15,"column":45}},"4":{"start":{"line":19,"column":8},"end":{"line":19,"column":46}},"5":{"start":{"line":23,"column":8},"end":{"line":23,"column":48}},"6":{"start":{"line":6,"column":13},"end":{"line":6,"column":31}},"7":{"start":{"line":6,"column":13},"end":{"line":25,"column":null}}},"fnMap":{"0":{"name":"(anonymous_4)","decl":{"start":{"line":7,"column":4},"end":{"line":7,"column":null}},"loc":{"start":{"line":9,"column":61},"end":{"line":10,"column":9}}},"1":{"name":"(anonymous_5)","decl":{"start":{"line":14,"column":11},"end":{"line":14,"column":16}},"loc":{"start":{"line":14,"column":22},"end":{"line":16,"column":5}}},"2":{"name":"(anonymous_6)","decl":{"start":{"line":18,"column":11},"end":{"line":18,"column":16}},"loc":{"start":{"line":18,"column":23},"end":{"line":20,"column":5}}},"3":{"name":"(anonymous_7)","decl":{"start":{"line":22,"column":11},"end":{"line":22,"column":16}},"loc":{"start":{"line":22,"column":25},"end":{"line":24,"column":5}}}},"branchMap":{},"s":{"0":1,"1":1,"2":0,"3":0,"4":0,"5":0,"6":1,"7":1},"f":{"0":0,"1":0,"2":0,"3":0},"b":{}}
,"C:\\Users\\Diego\\Desktop\\prog\\ManagementData\\backend\\src\\database\\typeorm\\infrastructure\\orm.config.ts": {"path":"C:\\Users\\Diego\\Desktop\\prog\\ManagementData\\backend\\src\\database\\typeorm\\infrastructure\\orm.config.ts","statementMap":{"0":{"start":{"line":1,"column":0},"end":{"line":1,"column":37}},"1":{"start":{"line":2,"column":0},"end":{"line":2,"column":70}},"2":{"start":{"line":4,"column":0},"end":{"line":4,"column":32}},"3":{"start":{"line":5,"column":0},"end":{"line":5,"column":9}},"4":{"start":{"line":7,"column":0},"end":{"line":7,"column":69}}},"fnMap":{},"branchMap":{},"s":{"0":0,"1":0,"2":0,"3":0,"4":0},"f":{},"b":{}}
,"C:\\Users\\Diego\\Desktop\\prog\\ManagementData\\backend\\src\\database\\typeorm\\infrastructure\\domains\\transaction-typeorm.domain.ts": {"path":"C:\\Users\\Diego\\Desktop\\prog\\ManagementData\\backend\\src\\database\\typeorm\\infrastructure\\domains\\transaction-typeorm.domain.ts","statementMap":{"0":{"start":{"line":8,"column":33},"end":{"line":8,"column":62}},"1":{"start":{"line":11,"column":28},"end":{"line":11,"column":82}},"2":{"start":{"line":12,"column":8},"end":{"line":12,"column":45}},"3":{"start":{"line":14,"column":8},"end":{"line":14,"column":39}},"4":{"start":{"line":18,"column":7},"end":{"line":18,"column":50}},"5":{"start":{"line":19,"column":7},"end":{"line":19,"column":27}},"6":{"start":{"line":23,"column":8},"end":{"line":23,"column":53}},"7":{"start":{"line":24,"column":8},"end":{"line":24,"column":28}},"8":{"start":{"line":28,"column":8},"end":{"line":28,"column":41}},"9":{"start":{"line":5,"column":0},"end":{"line":5,"column":13}}},"fnMap":{"0":{"name":"(anonymous_0)","decl":{"start":{"line":8,"column":4},"end":{"line":8,"column":33}},"loc":{"start":{"line":8,"column":62},"end":{"line":8,"column":66}}},"1":{"name":"(anonymous_1)","decl":{"start":{"line":10,"column":11},"end":{"line":10,"column":16}},"loc":{"start":{"line":10,"column":22},"end":{"line":15,"column":5}}},"2":{"name":"(anonymous_2)","decl":{"start":{"line":17,"column":11},"end":{"line":17,"column":16}},"loc":{"start":{"line":17,"column":23},"end":{"line":20,"column":5}}},"3":{"name":"(anonymous_3)","decl":{"start":{"line":22,"column":11},"end":{"line":22,"column":16}},"loc":{"start":{"line":22,"column":25},"end":{"line":25,"column":5}}},"4":{"name":"(anonymous_4)","decl":{"start":{"line":27,"column":11},"end":{"line":27,"column":16}},"loc":{"start":{"line":27,"column":23},"end":{"line":29,"column":5}}}},"branchMap":{},"s":{"0":4,"1":5,"2":5,"3":5,"4":2,"5":2,"6":2,"7":2,"8":4,"9":1},"f":{"0":4,"1":5,"2":2,"3":2,"4":4},"b":{}}
,"C:\\Users\\Diego\\Desktop\\prog\\ManagementData\\backend\\src\\database\\typeorm\\infrastructure\\domains\\typeorm.domain.ts": {"path":"C:\\Users\\Diego\\Desktop\\prog\\ManagementData\\backend\\src\\database\\typeorm\\infrastructure\\domains\\typeorm.domain.ts","statementMap":{"0":{"start":{"line":1,"column":0},"end":{"line":1,"column":40}},"1":{"start":{"line":2,"column":0},"end":{"line":2,"column":49}},"2":{"start":{"line":3,"column":0},"end":{"line":3,"column":41}},"3":{"start":{"line":5,"column":0},"end":{"line":5,"column":73}},"4":{"start":{"line":11,"column":15},"end":{"line":11,"column":37}},"5":{"start":{"line":15,"column":10},"end":{"line":15,"column":39}},"6":{"start":{"line":17,"column":10},"end":{"line":17,"column":40}},"7":{"start":{"line":20,"column":4},"end":{"line":20,"column":33}},"8":{"start":{"line":21,"column":4},"end":{"line":21,"column":22}},"9":{"start":{"line":25,"column":18},"end":{"line":25,"column":35}},"10":{"start":{"line":27,"column":4},"end":{"line":27,"column":29}},"11":{"start":{"line":28,"column":4},"end":{"line":39,"column":7}},"12":{"start":{"line":29,"column":6},"end":{"line":29,"column":32}},"13":{"start":{"line":31,"column":6},"end":{"line":33,"column":9}},"14":{"start":{"line":35,"column":6},"end":{"line":38,"column":7}},"15":{"start":{"line":36,"column":8},"end":{"line":36,"column":84}},"16":{"start":{"line":37,"column":8},"end":{"line":37,"column":58}},"17":{"start":{"line":37,"column":48},"end":{"line":37,"column":58}},"18":{"start":{"line":43,"column":18},"end":{"line":43,"column":70}},"19":{"start":{"line":44,"column":23},"end":{"line":44,"column":70}},"20":{"start":{"line":46,"column":4},"end":{"line":46,"column":56}},"21":{"start":{"line":47,"column":4},"end":{"line":47,"column":41}},"22":{"start":{"line":52,"column":4},"end":{"line":52,"column":27}},"23":{"start":{"line":56,"column":4},"end":{"line":56,"column":39}},"24":{"start":{"line":60,"column":4},"end":{"line":63,"column":5}},"25":{"start":{"line":61,"column":6},"end":{"line":61,"column":38}},"26":{"start":{"line":62,"column":6},"end":{"line":62,"column":47}},"27":{"start":{"line":67,"column":4},"end":{"line":70,"column":5}},"28":{"start":{"line":68,"column":6},"end":{"line":68,"column":65}},"29":{"start":{"line":69,"column":6},"end":{"line":69,"column":13}},"30":{"start":{"line":72,"column":4},"end":{"line":77,"column":5}},"31":{"start":{"line":73,"column":6},"end":{"line":76,"column":9}},"32":{"start":{"line":74,"column":8},"end":{"line":74,"column":45}},"33":{"start":{"line":75,"column":8},"end":{"line":75,"column":39}},"34":{"start":{"line":79,"column":4},"end":{"line":82,"column":7}},"35":{"start":{"line":80,"column":6},"end":{"line":80,"column":37}},"36":{"start":{"line":81,"column":6},"end":{"line":81,"column":24}},"37":{"start":{"line":86,"column":4},"end":{"line":89,"column":5}},"38":{"start":{"line":87,"column":6},"end":{"line":87,"column":63}},"39":{"start":{"line":88,"column":6},"end":{"line":88,"column":13}},"40":{"start":{"line":91,"column":4},"end":{"line":91,"column":37}},"41":{"start":{"line":97,"column":4},"end":{"line":111,"column":6}},"42":{"start":{"line":99,"column":8},"end":{"line":101,"column":9}},"43":{"start":{"line":100,"column":10},"end":{"line":100,"column":77}},"44":{"start":{"line":100,"column":45},"end":{"line":100,"column":75}},"45":{"start":{"line":103,"column":27},"end":{"line":103,"column":64}},"46":{"start":{"line":104,"column":22},"end":{"line":107,"column":9}},"47":{"start":{"line":105,"column":25},"end":{"line":105,"column":95}},"48":{"start":{"line":106,"column":10},"end":{"line":106,"column":82}},"49":{"start":{"line":109,"column":8},"end":{"line":109,"column":76}},"50":{"start":{"line":13,"column":0},"end":{"line":13,"column":13}}},"fnMap":{"0":{"name":"(anonymous_0)","decl":{"start":{"line":19,"column":2},"end":{"line":19,"column":14}},"loc":{"start":{"line":19,"column":36},"end":{"line":22,"column":3}}},"1":{"name":"(anonymous_1)","decl":{"start":{"line":24,"column":10},"end":{"line":24,"column":20}},"loc":{"start":{"line":24,"column":20},"end":{"line":40,"column":3}}},"2":{"name":"(anonymous_2)","decl":{"start":{"line":28,"column":38},"end":{"line":28,"column":43}},"loc":{"start":{"line":28,"column":49},"end":{"line":39,"column":5}}},"3":{"name":"(anonymous_3)","decl":{"start":{"line":42,"column":9},"end":{"line":42,"column":15}},"loc":{"start":{"line":42,"column":26},"end":{"line":48,"column":3}}},"4":{"name":"(anonymous_4)","decl":{"start":{"line":51,"column":9},"end":{"line":51,"column":22}},"loc":{"start":{"line":51,"column":22},"end":{"line":53,"column":3}}},"5":{"name":"(anonymous_5)","decl":{"start":{"line":55,"column":2},"end":{"line":55,"column":7}},"loc":{"start":{"line":55,"column":20},"end":{"line":57,"column":3}}},"6":{"name":"(anonymous_6)","decl":{"start":{"line":59,"column":2},"end":{"line":59,"column":7}},"loc":{"start":{"line":59,"column":23},"end":{"line":64,"column":3}}},"7":{"name":"(anonymous_7)","decl":{"start":{"line":66,"column":9},"end":{"line":66,"column":14}},"loc":{"start":{"line":66,"column":22},"end":{"line":83,"column":3}}},"8":{"name":"(anonymous_8)","decl":{"start":{"line":73,"column":31},"end":{"line":73,"column":38}},"loc":{"start":{"line":73,"column":41},"end":{"line":76,"column":7}}},"9":{"name":"(anonymous_9)","decl":{"start":{"line":79,"column":29},"end":{"line":79,"column":36}},"loc":{"start":{"line":79,"column":39},"end":{"line":82,"column":5}}},"10":{"name":"(anonymous_10)","decl":{"start":{"line":85,"column":9},"end":{"line":85,"column":14}},"loc":{"start":{"line":85,"column":25},"end":{"line":92,"column":3}}},"11":{"name":"(anonymous_11)","decl":{"start":{"line":94,"column":9},"end":{"line":94,"column":22}},"loc":{"start":{"line":95,"column":13},"end":{"line":112,"column":3}}},"12":{"name":"(anonymous_12)","decl":{"start":{"line":98,"column":21},"end":{"line":98,"column":26}},"loc":{"start":{"line":98,"column":32},"end":{"line":110,"column":7}}},"13":{"name":"(anonymous_13)","decl":{"start":{"line":100,"column":34},"end":{"line":100,"column":41}},"loc":{"start":{"line":100,"column":45},"end":{"line":100,"column":75}}},"14":{"name":"(anonymous_14)","decl":{"start":{"line":104,"column":22},"end":{"line":104,"column":23}},"loc":{"start":{"line":104,"column":59},"end":{"line":107,"column":9}}}},"branchMap":{"0":{"loc":{"start":{"line":35,"column":6},"end":{"line":38,"column":7}},"type":"if","locations":[{"start":{"line":35,"column":6},"end":{"line":38,"column":7}}]},"1":{"loc":{"start":{"line":43,"column":18},"end":{"line":43,"column":70}},"type":"cond-expr","locations":[{"start":{"line":43,"column":52},"end":{"line":43,"column":58}},{"start":{"line":43,"column":61},"end":{"line":43,"column":70}}]},"2":{"loc":{"start":{"line":60,"column":4},"end":{"line":63,"column":5}},"type":"if","locations":[{"start":{"line":60,"column":4},"end":{"line":63,"column":5}}]},"3":{"loc":{"start":{"line":67,"column":4},"end":{"line":70,"column":5}},"type":"if","locations":[{"start":{"line":67,"column":4},"end":{"line":70,"column":5}}]},"4":{"loc":{"start":{"line":67,"column":8},"end":{"line":67,"column":59}},"type":"binary-expr","locations":[{"start":{"line":67,"column":8},"end":{"line":67,"column":37}},{"start":{"line":67,"column":41},"end":{"line":67,"column":59}}]},"5":{"loc":{"start":{"line":72,"column":4},"end":{"line":77,"column":5}},"type":"if","locations":[{"start":{"line":72,"column":4},"end":{"line":77,"column":5}}]},"6":{"loc":{"start":{"line":86,"column":4},"end":{"line":89,"column":5}},"type":"if","locations":[{"start":{"line":86,"column":4},"end":{"line":89,"column":5}}]},"7":{"loc":{"start":{"line":99,"column":8},"end":{"line":101,"column":9}},"type":"if","locations":[{"start":{"line":99,"column":8},"end":{"line":101,"column":9}}]},"8":{"loc":{"start":{"line":106,"column":17},"end":{"line":106,"column":81}},"type":"binary-expr","locations":[{"start":{"line":106,"column":17},"end":{"line":106,"column":67}},{"start":{"line":106,"column":71},"end":{"line":106,"column":81}}]}},"s":{"0":2,"1":2,"2":2,"3":2,"4":2,"5":3,"6":3,"7":3,"8":3,"9":3,"10":3,"11":3,"12":3,"13":3,"14":3,"15":3,"16":3,"17":3,"18":3,"19":3,"20":3,"21":3,"22":2,"23":0,"24":0,"25":0,"26":0,"27":2,"28":0,"29":0,"30":2,"31":2,"32":2,"33":2,"34":0,"35":0,"36":0,"37":1,"38":0,"39":0,"40":1,"41":1,"42":1,"43":1,"44":1,"45":1,"46":1,"47":2,"48":2,"49":1,"50":2},"f":{"0":3,"1":3,"2":3,"3":3,"4":2,"5":0,"6":0,"7":2,"8":2,"9":0,"10":1,"11":1,"12":1,"13":1,"14":2},"b":{"0":[3],"1":[3,0],"2":[0],"3":[0],"4":[2,0],"5":[2],"6":[0],"7":[1],"8":[2,1]}}
,"C:\\Users\\Diego\\Desktop\\prog\\ManagementData\\backend\\src\\database\\typeorm\\migrations\\1738347259727-create-flows-table.ts": {"path":"C:\\Users\\Diego\\Desktop\\prog\\ManagementData\\backend\\src\\database\\typeorm\\migrations\\1738347259727-create-flows-table.ts","statementMap":{"0":{"start":{"line":1,"column":0},"end":{"line":1,"column":65}},"1":{"start":{"line":5,"column":4},"end":{"line":46,"column":6}},"2":{"start":{"line":50,"column":4},"end":{"line":50,"column":41}},"3":{"start":{"line":3,"column":0},"end":{"line":3,"column":13}}},"fnMap":{"0":{"name":"(anonymous_0)","decl":{"start":{"line":4,"column":9},"end":{"line":4,"column":14}},"loc":{"start":{"line":4,"column":42},"end":{"line":47,"column":3}}},"1":{"name":"(anonymous_1)","decl":{"start":{"line":49,"column":9},"end":{"line":49,"column":14}},"loc":{"start":{"line":49,"column":44},"end":{"line":51,"column":3}}}},"branchMap":{},"s":{"0":0,"1":0,"2":0,"3":0},"f":{"0":0,"1":0},"b":{}}
,"C:\\Users\\Diego\\Desktop\\prog\\ManagementData\\backend\\src\\database\\typeorm\\migrations\\1739197204114-create-steps-table.ts": {"path":"C:\\Users\\Diego\\Desktop\\prog\\ManagementData\\backend\\src\\database\\typeorm\\migrations\\1739197204114-create-steps-table.ts","statementMap":{"0":{"start":{"line":1,"column":0},"end":{"line":1,"column":65}},"1":{"start":{"line":5,"column":8},"end":{"line":61,"column":10}},"2":{"start":{"line":65,"column":8},"end":{"line":65,"column":45}},"3":{"start":{"line":3,"column":0},"end":{"line":3,"column":13}}},"fnMap":{"0":{"name":"(anonymous_0)","decl":{"start":{"line":4,"column":11},"end":{"line":4,"column":16}},"loc":{"start":{"line":4,"column":44},"end":{"line":62,"column":5}}},"1":{"name":"(anonymous_1)","decl":{"start":{"line":64,"column":11},"end":{"line":64,"column":16}},"loc":{"start":{"line":64,"column":46},"end":{"line":66,"column":5}}}},"branchMap":{},"s":{"0":0,"1":0,"2":0,"3":0},"f":{"0":0,"1":0},"b":{}}
,"C:\\Users\\Diego\\Desktop\\prog\\ManagementData\\backend\\src\\shared\\config\\typeorm.config.ts": {"path":"C:\\Users\\Diego\\Desktop\\prog\\ManagementData\\backend\\src\\shared\\config\\typeorm.config.ts","statementMap":{"0":{"start":{"line":1,"column":0},"end":{"line":1,"column":64}},"1":{"start":{"line":3,"column":0},"end":{"line":3,"column":31}},"2":{"start":{"line":5,"column":0},"end":{"line":5,"column":98}},"3":{"start":{"line":9,"column":43},"end":{"line":9,"column":58}},"4":{"start":{"line":81,"column":45},"end":{"line":85,"column":6}},"5":{"start":{"line":87,"column":19},"end":{"line":87,"column":35}},"6":{"start":{"line":89,"column":4},"end":{"line":89,"column":44}},"7":{"start":{"line":90,"column":4},"end":{"line":90,"column":18}},"8":{"start":{"line":11,"column":0},"end":{"line":11,"column":13}},"9":{"start":{"line":13,"column":17},"end":{"line":13,"column":33}},"10":{"start":{"line":14,"column":4},"end":{"line":21,"column":6}},"11":{"start":{"line":24,"column":17},"end":{"line":24,"column":36}},"12":{"start":{"line":25,"column":46},"end":{"line":48,"column":6}},"13":{"start":{"line":50,"column":4},"end":{"line":50,"column":26}},"14":{"start":{"line":53,"column":17},"end":{"line":53,"column":38}},"15":{"start":{"line":54,"column":26},"end":{"line":54,"column":56}},"16":{"start":{"line":55,"column":19},"end":{"line":55,"column":51}},"17":{"start":{"line":57,"column":4},"end":{"line":57,"column":56}},"18":{"start":{"line":58,"column":4},"end":{"line":58,"column":56}},"19":{"start":{"line":60,"column":4},"end":{"line":74,"column":7}},"20":{"start":{"line":76,"column":4},"end":{"line":76,"column":37}},"21":{"start":{"line":77,"column":4},"end":{"line":77,"column":25}}},"fnMap":{"0":{"name":"(anonymous_0)","decl":{"start":{"line":80,"column":9},"end":{"line":80,"column":15}},"loc":{"start":{"line":80,"column":66},"end":{"line":91,"column":3}}},"1":{"name":"(anonymous_1)","decl":{"start":{"line":13,"column":33},"end":{"line":13,"column":55}},"loc":{"start":{"line":13,"column":57},"end":{"line":22,"column":null}}},"2":{"name":"(anonymous_2)","decl":{"start":{"line":24,"column":36},"end":{"line":24,"column":58}},"loc":{"start":{"line":24,"column":60},"end":{"line":51,"column":null}}},"3":{"name":"(anonymous_3)","decl":{"start":{"line":53,"column":38},"end":{"line":53,"column":41}},"loc":{"start":{"line":53,"column":43},"end":{"line":78,"column":null}}}},"branchMap":{"0":{"loc":{"start":{"line":32,"column":23},"end":{"line":32,"column":54}},"type":"binary-expr","locations":[{"start":{"line":32,"column":23},"end":{"line":32,"column":46}},{"start":{"line":32,"column":50},"end":{"line":32,"column":54}}]},"1":{"loc":{"start":{"line":40,"column":25},"end":{"line":40,"column":56}},"type":"binary-expr","locations":[{"start":{"line":40,"column":25},"end":{"line":40,"column":48}},{"start":{"line":40,"column":52},"end":{"line":40,"column":56}}]}},"s":{"0":3,"1":3,"2":3,"3":3,"4":6,"5":6,"6":6,"7":6,"8":3,"9":3,"10":4,"11":3,"12":2,"13":2,"14":3,"15":1,"16":1,"17":1,"18":1,"19":1,"20":1,"21":1},"f":{"0":6,"1":4,"2":2,"3":1},"b":{"0":[2,0],"1":[2,0]}}
,"C:\\Users\\Diego\\Desktop\\prog\\ManagementData\\backend\\src\\shared\\pagination\\collection.presenter.ts": {"path":"C:\\Users\\Diego\\Desktop\\prog\\ManagementData\\backend\\src\\shared\\pagination\\collection.presenter.ts","statementMap":{"0":{"start":{"line":1,"column":0},"end":{"line":1,"column":52}},"1":{"start":{"line":2,"column":0},"end":{"line":2,"column":null}},"2":{"start":{"line":12,"column":4},"end":{"line":12,"column":47}},"3":{"start":{"line":7,"column":0},"end":{"line":7,"column":22}},"4":{"start":{"line":9,"column":12},"end":{"line":9,"column":null}}},"fnMap":{"0":{"name":"(anonymous_2)","decl":{"start":{"line":11,"column":2},"end":{"line":11,"column":14}},"loc":{"start":{"line":11,"column":45},"end":{"line":13,"column":3}}}},"branchMap":{},"s":{"0":0,"1":0,"2":0,"3":0,"4":0},"f":{"0":0},"b":{}}
,"C:\\Users\\Diego\\Desktop\\prog\\ManagementData\\backend\\src\\shared\\pagination\\pagination.presenter.ts": {"path":"C:\\Users\\Diego\\Desktop\\prog\\ManagementData\\backend\\src\\shared\\pagination\\pagination.presenter.ts","statementMap":{"0":{"start":{"line":1,"column":0},"end":{"line":1,"column":46}},"1":{"start":{"line":23,"column":4},"end":{"line":23,"column":43}},"2":{"start":{"line":24,"column":4},"end":{"line":24,"column":35}},"3":{"start":{"line":25,"column":4},"end":{"line":25,"column":37}},"4":{"start":{"line":26,"column":4},"end":{"line":26,"column":29}},"5":{"start":{"line":27,"column":4},"end":{"line":27,"column":27}},"6":{"start":{"line":11,"column":0},"end":{"line":11,"column":13}},"7":{"start":{"line":13,"column":2},"end":{"line":13,"column":null}},"8":{"start":{"line":12,"column":28},"end":{"line":12,"column":43}},"9":{"start":{"line":15,"column":2},"end":{"line":15,"column":null}},"10":{"start":{"line":14,"column":28},"end":{"line":14,"column":43}},"11":{"start":{"line":17,"column":2},"end":{"line":17,"column":null}},"12":{"start":{"line":16,"column":28},"end":{"line":16,"column":43}},"13":{"start":{"line":19,"column":2},"end":{"line":19,"column":null}},"14":{"start":{"line":18,"column":28},"end":{"line":18,"column":43}}},"fnMap":{"0":{"name":"(anonymous_2)","decl":{"start":{"line":22,"column":2},"end":{"line":22,"column":14}},"loc":{"start":{"line":22,"column":45},"end":{"line":28,"column":3}}},"1":{"name":"(anonymous_3)","decl":{"start":{"line":12,"column":13},"end":{"line":12,"column":14}},"loc":{"start":{"line":12,"column":28},"end":{"line":12,"column":43}}},"2":{"name":"(anonymous_4)","decl":{"start":{"line":14,"column":13},"end":{"line":14,"column":14}},"loc":{"start":{"line":14,"column":28},"end":{"line":14,"column":43}}},"3":{"name":"(anonymous_5)","decl":{"start":{"line":16,"column":13},"end":{"line":16,"column":14}},"loc":{"start":{"line":16,"column":28},"end":{"line":16,"column":43}}},"4":{"name":"(anonymous_6)","decl":{"start":{"line":18,"column":13},"end":{"line":18,"column":14}},"loc":{"start":{"line":18,"column":28},"end":{"line":18,"column":43}}}},"branchMap":{},"s":{"0":1,"1":1,"2":1,"3":1,"4":1,"5":1,"6":1,"7":1,"8":0,"9":1,"10":0,"11":1,"12":0,"13":1,"14":0},"f":{"0":1,"1":0,"2":0,"3":0,"4":0},"b":{}}
,"C:\\Users\\Diego\\Desktop\\prog\\ManagementData\\backend\\src\\shared\\validators\\cpf.validator.ts": {"path":"C:\\Users\\Diego\\Desktop\\prog\\ManagementData\\backend\\src\\shared\\validators\\cpf.validator.ts","statementMap":{"0":{"start":{"line":25,"column":0},"end":{"line":25,"column":16}},"1":{"start":{"line":1,"column":0},"end":{"line":1,"column":null}},"2":{"start":{"line":9,"column":7},"end":{"line":23,"column":null}},"3":{"start":{"line":11,"column":8},"end":{"line":13,"column":9}},"4":{"start":{"line":12,"column":12},"end":{"line":12,"column":25}},"5":{"start":{"line":15,"column":20},"end":{"line":15,"column":47}},"6":{"start":{"line":17,"column":8},"end":{"line":19,"column":9}},"7":{"start":{"line":18,"column":12},"end":{"line":18,"column":25}},"8":{"start":{"line":21,"column":8},"end":{"line":21,"column":20}},"9":{"start":{"line":9,"column":13},"end":{"line":9,"column":33}},"10":{"start":{"line":9,"column":13},"end":{"line":23,"column":null}},"11":{"start":{"line":26,"column":4},"end":{"line":34,"column":6}},"12":{"start":{"line":27,"column":8},"end":{"line":33,"column":11}}},"fnMap":{"0":{"name":"(anonymous_1)","decl":{"start":{"line":10,"column":4},"end":{"line":10,"column":12}},"loc":{"start":{"line":10,"column":23},"end":{"line":22,"column":5}}},"1":{"name":"IsCpfValid","decl":{"start":{"line":25,"column":16},"end":{"line":25,"column":26}},"loc":{"start":{"line":25,"column":64},"end":{"line":35,"column":1}}},"2":{"name":"(anonymous_3)","decl":{"start":{"line":26,"column":11},"end":{"line":26,"column":21}},"loc":{"start":{"line":26,"column":57},"end":{"line":34,"column":5}}}},"branchMap":{"0":{"loc":{"start":{"line":11,"column":8},"end":{"line":13,"column":9}},"type":"if","locations":[{"start":{"line":11,"column":8},"end":{"line":13,"column":9}}]},"1":{"loc":{"start":{"line":11,"column":12},"end":{"line":11,"column":47}},"type":"binary-expr","locations":[{"start":{"line":11,"column":12},"end":{"line":11,"column":18}},{"start":{"line":11,"column":22},"end":{"line":11,"column":47}}]},"2":{"loc":{"start":{"line":17,"column":8},"end":{"line":19,"column":9}},"type":"if","locations":[{"start":{"line":17,"column":8},"end":{"line":19,"column":9}}]}},"s":{"0":0,"1":0,"2":0,"3":0,"4":0,"5":0,"6":0,"7":0,"8":0,"9":0,"10":0,"11":0,"12":0},"f":{"0":0,"1":0,"2":0},"b":{"0":[0],"1":[0,0],"2":[0]}}
}
