TN:
SF:src\app.module.ts
FNF:0
FNH:0
DA:1,1
DA:2,1
DA:3,1
DA:4,1
DA:5,1
DA:18,1
LF:6
LH:6
BRF:0
BRH:0
end_of_record
TN:
SF:src\main.ts
FN:5,bootstrap
FNF:1
FNH:0
FNDA:0,bootstrap
DA:1,0
DA:2,0
DA:3,0
DA:6,0
DA:8,0
DA:15,0
DA:17,0
LF:7
LH:0
BRF:0
BRH:0
end_of_record
TN:
SF:src\app\flow\flow.module.ts
FNF:0
FNH:0
DA:1,3
DA:2,3
DA:3,3
DA:4,3
DA:5,3
DA:21,3
LF:6
LH:6
BRF:0
BRH:0
end_of_record
TN:
SF:src\app\flow\application\service\flow.service.ts
FN:8,(anonymous_4)
FN:13,(anonymous_5)
FN:17,(anonymous_6)
FN:23,(anonymous_7)
FN:27,(anonymous_8)
FN:31,(anonymous_9)
FNF:6
FNH:6
FNDA:14,(anonymous_4)
FNDA:1,(anonymous_5)
FNDA:1,(anonymous_6)
FNDA:1,(anonymous_7)
FNDA:1,(anonymous_8)
FNDA:1,(anonymous_9)
DA:1,5
DA:7,5
DA:10,14
DA:14,1
DA:18,1
DA:19,1
DA:20,1
DA:24,1
DA:28,1
DA:32,1
LF:10
LH:10
BRDA:18,0,0,1
BRDA:18,0,1,0
BRDA:19,1,0,1
BRDA:19,1,1,0
BRF:4
BRH:2
end_of_record
TN:
SF:src\app\flow\infrastructure\typeorm\entities\flow-typeorm.entity.ts
FNF:0
FNH:0
DA:3,7
DA:15,7
DA:17,7
DA:20,7
DA:23,7
DA:26,7
DA:29,7
DA:32,7
LF:8
LH:8
BRF:0
BRH:0
end_of_record
TN:
SF:src\app\flow\infrastructure\typeorm\repository\flow.repository.ts
FN:13,(anonymous_4)
FN:18,(anonymous_5)
FN:23,(anonymous_6)
FN:42,(anonymous_7)
FN:46,(anonymous_8)
FN:51,(anonymous_9)
FNF:6
FNH:6
FNDA:14,(anonymous_4)
FNDA:1,(anonymous_5)
FNDA:1,(anonymous_6)
FNDA:2,(anonymous_7)
FNDA:1,(anonymous_8)
FNDA:1,(anonymous_9)
DA:1,4
DA:2,4
DA:3,4
DA:4,4
DA:9,4
DA:12,4
DA:15,14
DA:19,1
DA:20,1
DA:24,1
DA:26,1
DA:27,0
DA:29,1
DA:31,1
DA:33,1
DA:43,2
DA:47,1
DA:48,1
DA:52,1
LF:19
LH:18
BRDA:26,0,0,0
BRF:1
BRH:0
end_of_record
TN:
SF:src\app\flow\presenter\flow.controller.ts
FN:8,(anonymous_4)
FN:11,(anonymous_5)
FN:16,(anonymous_6)
FN:21,(anonymous_7)
FN:26,(anonymous_8)
FN:31,(anonymous_9)
FNF:6
FNH:6
FNDA:14,(anonymous_4)
FNDA:1,(anonymous_5)
FNDA:1,(anonymous_6)
FNDA:1,(anonymous_7)
FNDA:1,(anonymous_8)
FNDA:1,(anonymous_9)
DA:1,4
DA:2,4
DA:3,4
DA:4,4
DA:7,4
DA:8,14
DA:11,4
DA:12,1
DA:16,4
DA:17,1
DA:21,4
DA:22,1
DA:26,4
DA:27,1
DA:31,4
DA:32,1
LF:16
LH:16
BRF:0
BRH:0
end_of_record
TN:
SF:src\app\flow\presenter\dto\create-flow.dto.ts
FNF:0
FNH:0
DA:1,6
DA:3,6
DA:7,6
DA:11,6
LF:4
LH:4
BRF:0
BRH:0
end_of_record
TN:
SF:src\app\flow\presenter\dto\update-flow.dto.ts
FNF:0
FNH:0
DA:1,5
DA:2,5
DA:4,5
LF:3
LH:3
BRF:0
BRH:0
end_of_record
TN:
SF:src\app\steps\steps.module.ts
FNF:0
FNH:0
DA:1,3
DA:2,3
DA:3,3
DA:4,3
DA:5,3
DA:21,3
LF:6
LH:6
BRF:0
BRH:0
end_of_record
TN:
SF:src\app\steps\application\service\step.service.ts
FN:8,(anonymous_4)
FN:13,(anonymous_5)
FN:17,(anonymous_6)
FN:23,(anonymous_7)
FN:27,(anonymous_8)
FN:31,(anonymous_9)
FNF:6
FNH:6
FNDA:9,(anonymous_4)
FNDA:1,(anonymous_5)
FNDA:1,(anonymous_6)
FNDA:1,(anonymous_7)
FNDA:1,(anonymous_8)
FNDA:1,(anonymous_9)
DA:1,5
DA:7,5
DA:10,9
DA:14,1
DA:18,1
DA:19,1
DA:20,1
DA:24,1
DA:28,1
DA:32,1
LF:10
LH:10
BRDA:18,0,0,1
BRDA:18,0,1,0
BRDA:19,1,0,1
BRDA:19,1,1,0
BRF:4
BRH:2
end_of_record
TN:
SF:src\app\steps\infrastructure\typeorm\entities\step-typeorm.entity.ts
FNF:0
FNH:0
DA:2,7
DA:13,7
DA:15,7
DA:18,7
DA:21,7
DA:24,7
DA:27,7
DA:30,7
DA:33,7
DA:36,7
DA:39,7
LF:11
LH:11
BRF:0
BRH:0
end_of_record
TN:
SF:src\app\steps\infrastructure\typeorm\repository\step.repository.ts
FN:13,(anonymous_4)
FN:18,(anonymous_5)
FN:23,(anonymous_6)
FN:42,(anonymous_7)
FN:46,(anonymous_8)
FN:51,(anonymous_9)
FNF:6
FNH:6
FNDA:9,(anonymous_4)
FNDA:1,(anonymous_5)
FNDA:1,(anonymous_6)
FNDA:2,(anonymous_7)
FNDA:1,(anonymous_8)
FNDA:1,(anonymous_9)
DA:1,4
DA:2,4
DA:3,4
DA:4,4
DA:9,4
DA:12,4
DA:15,9
DA:19,1
DA:20,1
DA:24,1
DA:26,1
DA:27,0
DA:29,1
DA:31,1
DA:33,1
DA:43,2
DA:47,1
DA:48,1
DA:52,1
LF:19
LH:18
BRDA:26,0,0,0
BRF:1
BRH:0
end_of_record
TN:
SF:src\app\steps\presenter\step.controller.ts
FN:8,(anonymous_4)
FN:11,(anonymous_5)
FN:16,(anonymous_6)
FN:22,(anonymous_7)
FN:27,(anonymous_8)
FN:32,(anonymous_9)
FNF:6
FNH:6
FNDA:9,(anonymous_4)
FNDA:1,(anonymous_5)
FNDA:1,(anonymous_6)
FNDA:1,(anonymous_7)
FNDA:1,(anonymous_8)
FNDA:1,(anonymous_9)
DA:1,4
DA:2,4
DA:3,4
DA:4,4
DA:7,4
DA:8,9
DA:11,4
DA:12,1
DA:16,4
DA:18,1
DA:22,4
DA:23,1
DA:27,4
DA:28,1
DA:32,4
DA:33,1
LF:16
LH:16
BRF:0
BRH:0
end_of_record
TN:
SF:src\app\steps\presenter\dto\create-step.dto.ts
FNF:0
FNH:0
DA:1,6
DA:3,6
DA:6,6
DA:10,6
DA:14,6
DA:18,6
DA:22,6
LF:7
LH:7
BRF:0
BRH:0
end_of_record
TN:
SF:src\app\steps\presenter\dto\update-step.dto.ts
FNF:0
FNH:0
DA:1,5
DA:2,5
DA:4,5
LF:3
LH:3
BRF:0
BRH:0
end_of_record
TN:
SF:src\database\database.module.ts
FN:12,(anonymous_1)
FNF:1
FNH:1
FNDA:10,(anonymous_1)
DA:1,5
DA:2,5
DA:3,5
DA:4,5
DA:5,5
DA:7,5
DA:8,5
DA:12,10
DA:19,5
LF:9
LH:9
BRDA:8,0,0,5
BRDA:8,0,1,0
BRF:2
BRH:1
end_of_record
TN:
SF:src\shared\config\typeorm.config.ts
FN:81,(anonymous_0)
FN:14,(anonymous_1)
FN:25,(anonymous_2)
FN:54,(anonymous_3)
FNF:4
FNH:4
FNDA:13,(anonymous_0)
FNDA:11,(anonymous_1)
FNDA:2,(anonymous_2)
FNDA:1,(anonymous_3)
DA:1,6
DA:3,6
DA:5,6
DA:6,6
DA:10,6
DA:12,6
DA:14,6
DA:15,11
DA:25,6
DA:26,2
DA:51,2
DA:54,6
DA:55,1
DA:56,1
DA:58,1
DA:59,1
DA:61,1
DA:77,1
DA:78,1
DA:82,13
DA:88,13
DA:90,13
DA:91,13
LF:23
LH:23
BRDA:33,0,0,2
BRDA:33,0,1,0
BRDA:41,1,0,2
BRDA:41,1,1,0
BRF:4
BRH:2
end_of_record
TN:
SF:src\shared\pagination\pagination.presenter.ts
FN:22,(anonymous_2)
FN:12,(anonymous_3)
FN:14,(anonymous_4)
FN:16,(anonymous_5)
FN:18,(anonymous_6)
FNF:5
FNH:1
FNDA:8,(anonymous_2)
FNDA:0,(anonymous_3)
FNDA:0,(anonymous_4)
FNDA:0,(anonymous_5)
FNDA:0,(anonymous_6)
DA:1,9
DA:11,9
DA:12,0
DA:13,9
DA:14,0
DA:15,9
DA:16,0
DA:17,9
DA:18,0
DA:19,9
DA:23,8
DA:24,8
DA:25,8
DA:26,8
DA:27,8
LF:15
LH:11
BRF:0
BRH:0
end_of_record
