TN:
SF:src\app.module.ts
FNF:0
FNH:0
DA:1,0
DA:2,0
DA:3,0
DA:4,0
DA:5,0
DA:18,0
LF:6
LH:0
BRF:0
BRH:0
end_of_record
TN:
SF:src\main.ts
FN:5,bootstrap
FNF:1
FNH:0
FNDA:0,bootstrap
DA:1,0
DA:2,0
DA:3,0
DA:6,0
DA:8,0
DA:15,0
DA:17,0
LF:7
LH:0
BRF:0
BRH:0
end_of_record
TN:
SF:src\app\flow\flow.module.ts
FNF:0
FNH:0
DA:1,0
DA:2,0
DA:3,0
DA:4,0
DA:5,0
DA:21,0
LF:6
LH:0
BRF:0
BRH:0
end_of_record
TN:
SF:src\app\flow\application\entities\flow.entity.ts
FN:12,(anonymous_0)
FNF:1
FNH:0
FNDA:0,(anonymous_0)
DA:3,0
DA:13,0
LF:2
LH:0
BRF:0
BRH:0
end_of_record
TN:
SF:src\app\flow\application\service\flow.service.ts
FN:8,(anonymous_4)
FN:13,(anonymous_5)
FN:17,(anonymous_6)
FN:21,(anonymous_7)
FN:25,(anonymous_8)
FN:29,(anonymous_9)
FNF:6
FNH:6
FNDA:6,(anonymous_4)
FNDA:1,(anonymous_5)
FNDA:1,(anonymous_6)
FNDA:1,(anonymous_7)
FNDA:1,(anonymous_8)
FNDA:1,(anonymous_9)
DA:1,2
DA:7,2
DA:10,6
DA:14,1
DA:18,1
DA:22,1
DA:26,1
DA:30,1
LF:8
LH:8
BRF:0
BRH:0
end_of_record
TN:
SF:src\app\flow\infrastructure\typeorm\entities\flow-typeorm.entity.ts
FNF:0
FNH:0
DA:3,3
DA:15,3
DA:17,3
DA:20,3
DA:23,3
DA:26,3
DA:29,3
DA:32,3
LF:8
LH:8
BRF:0
BRH:0
end_of_record
TN:
SF:src\app\flow\infrastructure\typeorm\repository\flow.repository.ts
FN:13,(anonymous_4)
FN:18,(anonymous_5)
FN:23,(anonymous_6)
FN:44,(anonymous_7)
FN:48,(anonymous_8)
FN:53,(anonymous_9)
FNF:6
FNH:0
FNDA:0,(anonymous_4)
FNDA:0,(anonymous_5)
FNDA:0,(anonymous_6)
FNDA:0,(anonymous_7)
FNDA:0,(anonymous_8)
FNDA:0,(anonymous_9)
DA:1,0
DA:2,0
DA:3,0
DA:4,0
DA:9,0
DA:12,0
DA:15,0
DA:19,0
DA:20,0
DA:24,0
DA:29,0
DA:30,0
DA:32,0
DA:33,0
DA:34,0
DA:35,0
DA:45,0
DA:49,0
DA:50,0
DA:54,0
LF:20
LH:0
BRDA:29,0,0,0
BRF:1
BRH:0
end_of_record
TN:
SF:src\app\flow\presenter\flow.controller.ts
FN:8,(anonymous_4)
FN:11,(anonymous_5)
FN:16,(anonymous_6)
FN:21,(anonymous_7)
FN:26,(anonymous_8)
FN:31,(anonymous_9)
FNF:6
FNH:6
FNDA:6,(anonymous_4)
FNDA:1,(anonymous_5)
FNDA:1,(anonymous_6)
FNDA:1,(anonymous_7)
FNDA:1,(anonymous_8)
FNDA:1,(anonymous_9)
DA:1,1
DA:2,1
DA:3,1
DA:4,1
DA:7,1
DA:8,6
DA:11,1
DA:12,1
DA:16,1
DA:17,1
DA:21,1
DA:22,1
DA:26,1
DA:27,1
DA:31,1
DA:32,1
LF:16
LH:16
BRF:0
BRH:0
end_of_record
TN:
SF:src\app\flow\presenter\dto\create-flow.dto.ts
FNF:0
FNH:0
DA:1,1
LF:1
LH:1
BRF:0
BRH:0
end_of_record
TN:
SF:src\app\flow\presenter\dto\update-flow.dto.ts
FNF:0
FNH:0
DA:1,1
DA:2,1
DA:4,1
LF:3
LH:3
BRF:0
BRH:0
end_of_record
TN:
SF:src\app\steps\steps.module.ts
FNF:0
FNH:0
DA:1,0
DA:2,0
DA:3,0
DA:4,0
DA:5,0
DA:21,0
LF:6
LH:0
BRF:0
BRH:0
end_of_record
TN:
SF:src\app\steps\application\entities\steps.entity.ts
FN:12,(anonymous_0)
FNF:1
FNH:0
FNDA:0,(anonymous_0)
DA:1,0
DA:13,0
LF:2
LH:0
BRF:0
BRH:0
end_of_record
TN:
SF:src\app\steps\application\service\step.service.ts
FN:8,(anonymous_4)
FN:13,(anonymous_5)
FN:17,(anonymous_6)
FN:21,(anonymous_7)
FN:25,(anonymous_8)
FN:29,(anonymous_9)
FNF:6
FNH:0
FNDA:0,(anonymous_4)
FNDA:0,(anonymous_5)
FNDA:0,(anonymous_6)
FNDA:0,(anonymous_7)
FNDA:0,(anonymous_8)
FNDA:0,(anonymous_9)
DA:1,2
DA:7,2
DA:10,0
DA:14,0
DA:18,0
DA:22,0
DA:26,0
DA:30,0
LF:8
LH:2
BRF:0
BRH:0
end_of_record
TN:
SF:src\app\steps\infrastructure\typeorm\entities\step-typeorm.entity.ts
FNF:0
FNH:0
DA:2,0
DA:13,0
DA:15,0
DA:18,0
DA:21,0
DA:24,0
DA:27,0
DA:30,0
DA:33,0
DA:36,0
DA:39,0
LF:11
LH:0
BRF:0
BRH:0
end_of_record
TN:
SF:src\app\steps\infrastructure\typeorm\repository\step.repository.ts
FN:12,(anonymous_4)
FN:17,(anonymous_5)
FN:22,(anonymous_6)
FN:26,(anonymous_7)
FN:30,(anonymous_8)
FN:35,(anonymous_9)
FNF:6
FNH:0
FNDA:0,(anonymous_4)
FNDA:0,(anonymous_5)
FNDA:0,(anonymous_6)
FNDA:0,(anonymous_7)
FNDA:0,(anonymous_8)
FNDA:0,(anonymous_9)
DA:1,0
DA:2,0
DA:3,0
DA:4,0
DA:11,0
DA:14,0
DA:18,0
DA:19,0
DA:23,0
DA:27,0
DA:31,0
DA:32,0
DA:36,0
LF:13
LH:0
BRF:0
BRH:0
end_of_record
TN:
SF:src\app\steps\presenter\step.controller.ts
FN:8,(anonymous_4)
FN:11,(anonymous_5)
FN:16,(anonymous_6)
FN:22,(anonymous_7)
FN:27,(anonymous_8)
FN:32,(anonymous_9)
FNF:6
FNH:0
FNDA:0,(anonymous_4)
FNDA:0,(anonymous_5)
FNDA:0,(anonymous_6)
FNDA:0,(anonymous_7)
FNDA:0,(anonymous_8)
FNDA:0,(anonymous_9)
DA:1,1
DA:2,1
DA:3,1
DA:4,1
DA:7,1
DA:8,0
DA:11,1
DA:12,0
DA:16,1
DA:18,0
DA:22,1
DA:23,0
DA:27,1
DA:28,0
DA:32,1
DA:33,0
LF:16
LH:10
BRF:0
BRH:0
end_of_record
TN:
SF:src\app\steps\presenter\dto\create-step.dto.ts
FNF:0
FNH:0
DA:1,1
LF:1
LH:1
BRF:0
BRH:0
end_of_record
TN:
SF:src\app\steps\presenter\dto\update-step.dto.ts
FNF:0
FNH:0
DA:1,1
DA:2,1
DA:4,1
LF:3
LH:3
BRF:0
BRH:0
end_of_record
TN:
SF:src\database\database.module.ts
FN:13,(anonymous_1)
FNF:1
FNH:0
FNDA:0,(anonymous_1)
DA:1,0
DA:2,0
DA:3,0
DA:4,0
DA:5,0
DA:6,0
DA:7,0
DA:8,0
DA:13,0
DA:27,0
LF:10
LH:0
BRF:0
BRH:0
end_of_record
TN:
SF:src\database\database.providers.ts
FN:6,(anonymous_0)
FNF:1
FNH:0
FNDA:0,(anonymous_0)
DA:2,0
DA:4,0
DA:7,0
LF:3
LH:0
BRF:0
BRH:0
end_of_record
TN:
SF:src\database\typeorm\application\service\transaction.service.ts
FN:7,(anonymous_4)
FN:14,(anonymous_5)
FN:18,(anonymous_6)
FN:22,(anonymous_7)
FNF:4
FNH:0
FNDA:0,(anonymous_4)
FNDA:0,(anonymous_5)
FNDA:0,(anonymous_6)
FNDA:0,(anonymous_7)
DA:1,1
DA:6,1
DA:9,0
DA:15,0
DA:19,0
DA:23,0
LF:6
LH:2
BRF:0
BRH:0
end_of_record
TN:
SF:src\database\typeorm\infrastructure\orm.config.ts
FNF:0
FNH:0
DA:1,0
DA:2,0
DA:4,0
DA:5,0
DA:7,0
LF:5
LH:0
BRF:0
BRH:0
end_of_record
TN:
SF:src\database\typeorm\infrastructure\domains\transaction-typeorm.domain.ts
FN:8,(anonymous_0)
FN:10,(anonymous_1)
FN:17,(anonymous_2)
FN:22,(anonymous_3)
FN:27,(anonymous_4)
FNF:5
FNH:5
FNDA:4,(anonymous_0)
FNDA:5,(anonymous_1)
FNDA:2,(anonymous_2)
FNDA:2,(anonymous_3)
FNDA:4,(anonymous_4)
DA:5,1
DA:8,4
DA:11,5
DA:12,5
DA:14,5
DA:18,2
DA:19,2
DA:23,2
DA:24,2
DA:28,4
LF:10
LH:10
BRF:0
BRH:0
end_of_record
TN:
SF:src\database\typeorm\infrastructure\domains\typeorm.domain.ts
FN:19,(anonymous_0)
FN:24,(anonymous_1)
FN:28,(anonymous_2)
FN:42,(anonymous_3)
FN:51,(anonymous_4)
FN:55,(anonymous_5)
FN:59,(anonymous_6)
FN:66,(anonymous_7)
FN:73,(anonymous_8)
FN:79,(anonymous_9)
FN:85,(anonymous_10)
FN:94,(anonymous_11)
FN:98,(anonymous_12)
FN:100,(anonymous_13)
FN:104,(anonymous_14)
FNF:15
FNH:12
FNDA:3,(anonymous_0)
FNDA:3,(anonymous_1)
FNDA:3,(anonymous_2)
FNDA:3,(anonymous_3)
FNDA:2,(anonymous_4)
FNDA:0,(anonymous_5)
FNDA:0,(anonymous_6)
FNDA:2,(anonymous_7)
FNDA:2,(anonymous_8)
FNDA:0,(anonymous_9)
FNDA:1,(anonymous_10)
FNDA:1,(anonymous_11)
FNDA:1,(anonymous_12)
FNDA:1,(anonymous_13)
FNDA:2,(anonymous_14)
DA:1,2
DA:2,2
DA:3,2
DA:5,2
DA:11,2
DA:13,2
DA:15,3
DA:17,3
DA:20,3
DA:21,3
DA:25,3
DA:27,3
DA:28,3
DA:29,3
DA:31,3
DA:35,3
DA:36,3
DA:37,3
DA:43,3
DA:44,3
DA:46,3
DA:47,3
DA:52,2
DA:56,0
DA:60,0
DA:61,0
DA:62,0
DA:67,2
DA:68,0
DA:69,0
DA:72,2
DA:73,2
DA:74,2
DA:75,2
DA:79,0
DA:80,0
DA:81,0
DA:86,1
DA:87,0
DA:88,0
DA:91,1
DA:97,1
DA:99,1
DA:100,1
DA:103,1
DA:104,1
DA:105,2
DA:106,2
DA:109,1
LF:49
LH:38
BRDA:35,0,0,3
BRDA:43,1,0,3
BRDA:43,1,1,0
BRDA:60,2,0,0
BRDA:67,3,0,0
BRDA:67,4,0,2
BRDA:67,4,1,0
BRDA:72,5,0,2
BRDA:86,6,0,0
BRDA:99,7,0,1
BRDA:106,8,0,2
BRDA:106,8,1,1
BRF:12
BRH:7
end_of_record
TN:
SF:src\database\typeorm\migrations\1738347259727-create-flows-table.ts
FN:4,(anonymous_0)
FN:49,(anonymous_1)
FNF:2
FNH:0
FNDA:0,(anonymous_0)
FNDA:0,(anonymous_1)
DA:1,0
DA:3,0
DA:5,0
DA:50,0
LF:4
LH:0
BRF:0
BRH:0
end_of_record
TN:
SF:src\database\typeorm\migrations\1739197204114-create-steps-table.ts
FN:4,(anonymous_0)
FN:64,(anonymous_1)
FNF:2
FNH:0
FNDA:0,(anonymous_0)
FNDA:0,(anonymous_1)
DA:1,0
DA:3,0
DA:5,0
DA:65,0
LF:4
LH:0
BRF:0
BRH:0
end_of_record
TN:
SF:src\shared\config\typeorm.config.ts
FN:80,(anonymous_0)
FN:13,(anonymous_1)
FN:24,(anonymous_2)
FN:53,(anonymous_3)
FNF:4
FNH:4
FNDA:6,(anonymous_0)
FNDA:4,(anonymous_1)
FNDA:2,(anonymous_2)
FNDA:1,(anonymous_3)
DA:1,3
DA:3,3
DA:5,3
DA:9,3
DA:11,3
DA:13,3
DA:14,4
DA:24,3
DA:25,2
DA:50,2
DA:53,3
DA:54,1
DA:55,1
DA:57,1
DA:58,1
DA:60,1
DA:76,1
DA:77,1
DA:81,6
DA:87,6
DA:89,6
DA:90,6
LF:22
LH:22
BRDA:32,0,0,2
BRDA:32,0,1,0
BRDA:40,1,0,2
BRDA:40,1,1,0
BRF:4
BRH:2
end_of_record
TN:
SF:src\shared\pagination\collection.presenter.ts
FN:11,(anonymous_2)
FNF:1
FNH:0
FNDA:0,(anonymous_2)
DA:1,0
DA:2,0
DA:7,0
DA:9,0
DA:12,0
LF:5
LH:0
BRF:0
BRH:0
end_of_record
TN:
SF:src\shared\pagination\pagination.presenter.ts
FN:22,(anonymous_2)
FN:12,(anonymous_3)
FN:14,(anonymous_4)
FN:16,(anonymous_5)
FN:18,(anonymous_6)
FNF:5
FNH:1
FNDA:1,(anonymous_2)
FNDA:0,(anonymous_3)
FNDA:0,(anonymous_4)
FNDA:0,(anonymous_5)
FNDA:0,(anonymous_6)
DA:1,1
DA:11,1
DA:12,0
DA:13,1
DA:14,0
DA:15,1
DA:16,0
DA:17,1
DA:18,0
DA:19,1
DA:23,1
DA:24,1
DA:25,1
DA:26,1
DA:27,1
LF:15
LH:11
BRF:0
BRH:0
end_of_record
TN:
SF:src\shared\validators\cpf.validator.ts
FN:10,(anonymous_1)
FN:25,IsCpfValid
FN:26,(anonymous_3)
FNF:3
FNH:0
FNDA:0,(anonymous_1)
FNDA:0,IsCpfValid
FNDA:0,(anonymous_3)
DA:1,0
DA:9,0
DA:11,0
DA:12,0
DA:15,0
DA:17,0
DA:18,0
DA:21,0
DA:25,0
DA:26,0
DA:27,0
LF:11
LH:0
BRDA:11,0,0,0
BRDA:11,1,0,0
BRDA:11,1,1,0
BRDA:17,2,0,0
BRF:4
BRH:0
end_of_record
